{"/Users/maryamjalil/Desktop/deutsch-meister-backend/src/app.controller.ts": {"path":"/Users/maryamjalil/Desktop/deutsch-meister-backend/src/app.controller.ts","statementMap":{"0":{"start":{"line":1,"column":0},"end":{"line":1,"column":49}},"1":{"start":{"line":2,"column":0},"end":{"line":2,"column":43}},"2":{"start":{"line":5,"column":7},"end":{"line":12,"column":null}},"3":{"start":{"line":6,"column":31},"end":{"line":6,"column":43}},"4":{"start":{"line":10,"column":4},"end":{"line":10,"column":38}},"5":{"start":{"line":5,"column":13},"end":{"line":5,"column":26}},"6":{"start":{"line":9,"column":2},"end":{"line":11,"column":null}},"7":{"start":{"line":5,"column":13},"end":{"line":12,"column":null}}},"fnMap":{"0":{"name":"(anonymous_2)","decl":{"start":{"line":6,"column":2},"end":{"line":6,"column":31}},"loc":{"start":{"line":6,"column":53},"end":{"line":6,"column":57}}},"1":{"name":"(anonymous_3)","decl":{"start":{"line":9,"column":2},"end":{"line":9,"column":10}},"loc":{"start":{"line":9,"column":10},"end":{"line":11,"column":3}}}},"branchMap":{},"s":{"0":1,"1":1,"2":1,"3":1,"4":1,"5":1,"6":1,"7":1},"f":{"0":1,"1":1},"b":{}}
,"/Users/maryamjalil/Desktop/deutsch-meister-backend/src/app.module.ts": {"path":"/Users/maryamjalil/Desktop/deutsch-meister-backend/src/app.module.ts","statementMap":{"0":{"start":{"line":1,"column":0},"end":{"line":1,"column":40}},"1":{"start":{"line":2,"column":0},"end":{"line":2,"column":48}},"2":{"start":{"line":3,"column":0},"end":{"line":3,"column":66}},"3":{"start":{"line":4,"column":0},"end":{"line":4,"column":28}},"4":{"start":{"line":5,"column":0},"end":{"line":5,"column":59}},"5":{"start":{"line":6,"column":0},"end":{"line":6,"column":46}},"6":{"start":{"line":7,"column":0},"end":{"line":7,"column":56}},"7":{"start":{"line":8,"column":0},"end":{"line":8,"column":65}},"8":{"start":{"line":10,"column":0},"end":{"line":10,"column":60}},"9":{"start":{"line":11,"column":0},"end":{"line":11,"column":63}},"10":{"start":{"line":12,"column":0},"end":{"line":12,"column":55}},"11":{"start":{"line":13,"column":0},"end":{"line":13,"column":74}},"12":{"start":{"line":14,"column":0},"end":{"line":14,"column":66}},"13":{"start":{"line":15,"column":0},"end":{"line":15,"column":65}},"14":{"start":{"line":16,"column":0},"end":{"line":16,"column":59}},"15":{"start":{"line":17,"column":0},"end":{"line":17,"column":62}},"16":{"start":{"line":18,"column":0},"end":{"line":18,"column":49}},"17":{"start":{"line":19,"column":0},"end":{"line":19,"column":49}},"18":{"start":{"line":20,"column":0},"end":{"line":20,"column":43}},"19":{"start":{"line":21,"column":0},"end":{"line":21,"column":87}},"20":{"start":{"line":22,"column":0},"end":{"line":22,"column":85}},"21":{"start":{"line":54,"column":7},"end":{"line":54,"column":null}},"22":{"start":{"line":54,"column":13},"end":{"line":54,"column":22}},"23":{"start":{"line":54,"column":13},"end":{"line":54,"column":null}},"24":{"start":{"line":36,"column":47},"end":{"line":36,"column":54}}},"fnMap":{"0":{"name":"(anonymous_1)","decl":{"start":{"line":36,"column":15},"end":{"line":36,"column":16}},"loc":{"start":{"line":36,"column":47},"end":{"line":36,"column":54}}}},"branchMap":{},"s":{"0":0,"1":0,"2":0,"3":0,"4":0,"5":0,"6":0,"7":0,"8":0,"9":0,"10":0,"11":0,"12":0,"13":0,"14":0,"15":0,"16":0,"17":0,"18":0,"19":0,"20":0,"21":0,"22":0,"23":0,"24":0},"f":{"0":0},"b":{}}
,"/Users/maryamjalil/Desktop/deutsch-meister-backend/src/app.service.ts": {"path":"/Users/maryamjalil/Desktop/deutsch-meister-backend/src/app.service.ts","statementMap":{"0":{"start":{"line":1,"column":0},"end":{"line":1,"column":44}},"1":{"start":{"line":4,"column":7},"end":{"line":8,"column":null}},"2":{"start":{"line":6,"column":4},"end":{"line":6,"column":26}},"3":{"start":{"line":4,"column":13},"end":{"line":4,"column":23}},"4":{"start":{"line":4,"column":13},"end":{"line":8,"column":null}}},"fnMap":{"0":{"name":"(anonymous_1)","decl":{"start":{"line":5,"column":2},"end":{"line":5,"column":10}},"loc":{"start":{"line":5,"column":10},"end":{"line":7,"column":3}}}},"branchMap":{},"s":{"0":1,"1":1,"2":1,"3":1,"4":1},"f":{"0":1},"b":{}}
,"/Users/maryamjalil/Desktop/deutsch-meister-backend/src/main.ts": {"path":"/Users/maryamjalil/Desktop/deutsch-meister-backend/src/main.ts","statementMap":{"0":{"start":{"line":1,"column":0},"end":{"line":1,"column":48}},"1":{"start":{"line":2,"column":0},"end":{"line":2,"column":43}},"2":{"start":{"line":3,"column":0},"end":{"line":3,"column":57}},"3":{"start":{"line":4,"column":0},"end":{"line":4,"column":41}},"4":{"start":{"line":7,"column":14},"end":{"line":7,"column":49}},"5":{"start":{"line":8,"column":2},"end":{"line":8,"column":62}},"6":{"start":{"line":9,"column":2},"end":{"line":14,"column":5}},"7":{"start":{"line":15,"column":2},"end":{"line":15,"column":73}},"8":{"start":{"line":17,"column":2},"end":{"line":17,"column":25}},"9":{"start":{"line":18,"column":2},"end":{"line":18,"column":65}},"10":{"start":{"line":20,"column":0},"end":{"line":20,"column":12}}},"fnMap":{"0":{"name":"bootstrap","decl":{"start":{"line":6,"column":15},"end":{"line":6,"column":24}},"loc":{"start":{"line":6,"column":24},"end":{"line":19,"column":1}}}},"branchMap":{},"s":{"0":0,"1":0,"2":0,"3":0,"4":0,"5":0,"6":0,"7":0,"8":0,"9":0,"10":0},"f":{"0":0},"b":{}}
,"/Users/maryamjalil/Desktop/deutsch-meister-backend/src/common/enums/excerciseType.enum.ts": {"path":"/Users/maryamjalil/Desktop/deutsch-meister-backend/src/common/enums/excerciseType.enum.ts","statementMap":{"0":{"start":{"line":1,"column":0},"end":{"line":1,"column":56}},"1":{"start":{"line":3,"column":0},"end":{"line":3,"column":null}},"2":{"start":{"line":4,"column":2},"end":{"line":4,"column":null}},"3":{"start":{"line":5,"column":2},"end":{"line":5,"column":null}},"4":{"start":{"line":6,"column":2},"end":{"line":6,"column":null}},"5":{"start":{"line":7,"column":2},"end":{"line":7,"column":null}},"6":{"start":{"line":9,"column":0},"end":{"line":12,"column":3}}},"fnMap":{"0":{"name":"(anonymous_0)","decl":{"start":{"line":3,"column":0},"end":{"line":3,"column":12}},"loc":{"start":{"line":3,"column":25},"end":{"line":8,"column":1}}}},"branchMap":{"0":{"loc":{"start":{"line":3,"column":12},"end":{"line":3,"column":null}},"type":"binary-expr","locations":[{"start":{"line":3,"column":12},"end":{"line":3,"column":25}},{"start":{"line":3,"column":25},"end":{"line":3,"column":null}}]}},"s":{"0":1,"1":1,"2":1,"3":1,"4":1,"5":1,"6":1},"f":{"0":1},"b":{"0":[1,1]}}
,"/Users/maryamjalil/Desktop/deutsch-meister-backend/src/common/enums/levelName.enum.ts": {"path":"/Users/maryamjalil/Desktop/deutsch-meister-backend/src/common/enums/levelName.enum.ts","statementMap":{"0":{"start":{"line":1,"column":0},"end":{"line":1,"column":51}},"1":{"start":{"line":3,"column":0},"end":{"line":3,"column":null}},"2":{"start":{"line":4,"column":2},"end":{"line":4,"column":null}},"3":{"start":{"line":5,"column":2},"end":{"line":5,"column":null}},"4":{"start":{"line":6,"column":2},"end":{"line":6,"column":null}},"5":{"start":{"line":7,"column":2},"end":{"line":7,"column":null}},"6":{"start":{"line":8,"column":2},"end":{"line":8,"column":null}},"7":{"start":{"line":9,"column":2},"end":{"line":9,"column":null}},"8":{"start":{"line":12,"column":0},"end":{"line":14,"column":3}}},"fnMap":{"0":{"name":"(anonymous_0)","decl":{"start":{"line":3,"column":0},"end":{"line":3,"column":12}},"loc":{"start":{"line":3,"column":21},"end":{"line":10,"column":1}}}},"branchMap":{"0":{"loc":{"start":{"line":3,"column":12},"end":{"line":3,"column":null}},"type":"binary-expr","locations":[{"start":{"line":3,"column":12},"end":{"line":3,"column":21}},{"start":{"line":3,"column":21},"end":{"line":3,"column":null}}]}},"s":{"0":0,"1":0,"2":0,"3":0,"4":0,"5":0,"6":0,"7":0,"8":0},"f":{"0":0},"b":{"0":[0,0]}}
,"/Users/maryamjalil/Desktop/deutsch-meister-backend/src/common/enums/role.enum.ts": {"path":"/Users/maryamjalil/Desktop/deutsch-meister-backend/src/common/enums/role.enum.ts","statementMap":{"0":{"start":{"line":1,"column":0},"end":{"line":1,"column":null}},"1":{"start":{"line":2,"column":2},"end":{"line":2,"column":null}},"2":{"start":{"line":3,"column":2},"end":{"line":3,"column":null}},"3":{"start":{"line":4,"column":2},"end":{"line":4,"column":null}}},"fnMap":{"0":{"name":"(anonymous_0)","decl":{"start":{"line":1,"column":0},"end":{"line":1,"column":12}},"loc":{"start":{"line":1,"column":16},"end":{"line":5,"column":1}}}},"branchMap":{"0":{"loc":{"start":{"line":1,"column":12},"end":{"line":1,"column":null}},"type":"binary-expr","locations":[{"start":{"line":1,"column":12},"end":{"line":1,"column":16}},{"start":{"line":1,"column":16},"end":{"line":1,"column":null}}]}},"s":{"0":1,"1":1,"2":1,"3":1},"f":{"0":1},"b":{"0":[1,1]}}
,"/Users/maryamjalil/Desktop/deutsch-meister-backend/src/config/configuration.ts": {"path":"/Users/maryamjalil/Desktop/deutsch-meister-backend/src/config/configuration.ts","statementMap":{"0":{"start":{"line":1,"column":0},"end":{"line":1,"column":41}},"1":{"start":{"line":3,"column":29},"end":{"line":10,"column":1}},"2":{"start":{"line":4,"column":17},"end":{"line":4,"column":49}},"3":{"start":{"line":5,"column":2},"end":{"line":8,"column":3}},"4":{"start":{"line":6,"column":4},"end":{"line":6,"column":41}},"5":{"start":{"line":7,"column":4},"end":{"line":7,"column":53}},"6":{"start":{"line":9,"column":2},"end":{"line":9,"column":21}},"7":{"start":{"line":3,"column":13},"end":{"line":3,"column":29}}},"fnMap":{"0":{"name":"(anonymous_0)","decl":{"start":{"line":3,"column":29},"end":{"line":3,"column":32}},"loc":{"start":{"line":3,"column":34},"end":{"line":10,"column":1}}}},"branchMap":{"0":{"loc":{"start":{"line":5,"column":2},"end":{"line":8,"column":3}},"type":"if","locations":[{"start":{"line":5,"column":2},"end":{"line":8,"column":3}},{"start":{},"end":{}}]}},"s":{"0":0,"1":0,"2":0,"3":0,"4":0,"5":0,"6":0,"7":0},"f":{"0":0},"b":{"0":[0,0]}}
,"/Users/maryamjalil/Desktop/deutsch-meister-backend/src/config/env.schema.ts": {"path":"/Users/maryamjalil/Desktop/deutsch-meister-backend/src/config/env.schema.ts","statementMap":{"0":{"start":{"line":1,"column":0},"end":{"line":1,"column":24}},"1":{"start":{"line":3,"column":13},"end":{"line":11,"column":3}}},"fnMap":{},"branchMap":{},"s":{"0":0,"1":0},"f":{},"b":{}}
,"/Users/maryamjalil/Desktop/deutsch-meister-backend/src/database/database.module.ts": {"path":"/Users/maryamjalil/Desktop/deutsch-meister-backend/src/database/database.module.ts","statementMap":{"0":{"start":{"line":1,"column":0},"end":{"line":1,"column":48}},"1":{"start":{"line":2,"column":0},"end":{"line":2,"column":31}},"2":{"start":{"line":14,"column":7},"end":{"line":14,"column":null}},"3":{"start":{"line":14,"column":13},"end":{"line":14,"column":27}},"4":{"start":{"line":14,"column":13},"end":{"line":14,"column":null}}},"fnMap":{},"branchMap":{},"s":{"0":0,"1":0,"2":0,"3":0,"4":0},"f":{},"b":{}}
,"/Users/maryamjalil/Desktop/deutsch-meister-backend/src/database/drizzle.ts": {"path":"/Users/maryamjalil/Desktop/deutsch-meister-backend/src/database/drizzle.ts","statementMap":{"0":{"start":{"line":1,"column":0},"end":{"line":1,"column":52}},"1":{"start":{"line":2,"column":0},"end":{"line":2,"column":26}},"2":{"start":{"line":3,"column":0},"end":{"line":3,"column":51}},"3":{"start":{"line":4,"column":0},"end":{"line":4,"column":55}},"4":{"start":{"line":5,"column":0},"end":{"line":5,"column":53}},"5":{"start":{"line":6,"column":0},"end":{"line":6,"column":55}},"6":{"start":{"line":7,"column":0},"end":{"line":7,"column":55}},"7":{"start":{"line":8,"column":0},"end":{"line":8,"column":63}},"8":{"start":{"line":9,"column":0},"end":{"line":9,"column":57}},"9":{"start":{"line":11,"column":13},"end":{"line":13,"column":3}},"10":{"start":{"line":15,"column":19},"end":{"line":23,"column":2}},"11":{"start":{"line":25,"column":13},"end":{"line":25,"column":56}}},"fnMap":{},"branchMap":{},"s":{"0":3,"1":3,"2":3,"3":3,"4":3,"5":3,"6":3,"7":3,"8":3,"9":3,"10":3,"11":3},"f":{},"b":{}}
,"/Users/maryamjalil/Desktop/deutsch-meister-backend/src/database/schema/course.schema.ts": {"path":"/Users/maryamjalil/Desktop/deutsch-meister-backend/src/database/schema/course.schema.ts","statementMap":{"0":{"start":{"line":1,"column":0},"end":{"line":1,"column":null}},"1":{"start":{"line":9,"column":13},"end":{"line":25,"column":2}},"2":{"start":{"line":22,"column":14},"end":{"line":24,"column":4}}},"fnMap":{"0":{"name":"(anonymous_0)","decl":{"start":{"line":22,"column":2},"end":{"line":22,"column":3}},"loc":{"start":{"line":22,"column":14},"end":{"line":24,"column":4}}}},"branchMap":{},"s":{"0":3,"1":3,"2":3},"f":{"0":3},"b":{}}
,"/Users/maryamjalil/Desktop/deutsch-meister-backend/src/database/schema/enums.ts": {"path":"/Users/maryamjalil/Desktop/deutsch-meister-backend/src/database/schema/enums.ts","statementMap":{"0":{"start":{"line":1,"column":0},"end":{"line":1,"column":45}},"1":{"start":{"line":3,"column":13},"end":{"line":3,"column":72}},"2":{"start":{"line":5,"column":13},"end":{"line":12,"column":3}},"3":{"start":{"line":14,"column":13},"end":{"line":19,"column":3}}},"fnMap":{},"branchMap":{},"s":{"0":3,"1":3,"2":3,"3":3},"f":{},"b":{}}
,"/Users/maryamjalil/Desktop/deutsch-meister-backend/src/database/schema/example.schema.ts": {"path":"/Users/maryamjalil/Desktop/deutsch-meister-backend/src/database/schema/example.schema.ts","statementMap":{"0":{"start":{"line":1,"column":0},"end":{"line":1,"column":null}},"1":{"start":{"line":9,"column":0},"end":{"line":9,"column":42}},"2":{"start":{"line":11,"column":13},"end":{"line":29,"column":2}},"3":{"start":{"line":22,"column":24},"end":{"line":22,"column":34}},"4":{"start":{"line":26,"column":14},"end":{"line":28,"column":4}}},"fnMap":{"0":{"name":"(anonymous_0)","decl":{"start":{"line":22,"column":18},"end":{"line":22,"column":21}},"loc":{"start":{"line":22,"column":24},"end":{"line":22,"column":34}}},"1":{"name":"(anonymous_1)","decl":{"start":{"line":26,"column":2},"end":{"line":26,"column":3}},"loc":{"start":{"line":26,"column":14},"end":{"line":28,"column":4}}}},"branchMap":{},"s":{"0":3,"1":3,"2":3,"3":0,"4":3},"f":{"0":0,"1":3},"b":{}}
,"/Users/maryamjalil/Desktop/deutsch-meister-backend/src/database/schema/excercises.schems.ts": {"path":"/Users/maryamjalil/Desktop/deutsch-meister-backend/src/database/schema/excercises.schems.ts","statementMap":{"0":{"start":{"line":1,"column":0},"end":{"line":1,"column":null}},"1":{"start":{"line":12,"column":0},"end":{"line":12,"column":42}},"2":{"start":{"line":13,"column":0},"end":{"line":13,"column":38}},"3":{"start":{"line":14,"column":0},"end":{"line":14,"column":43}},"4":{"start":{"line":16,"column":13},"end":{"line":46,"column":2}},"5":{"start":{"line":23,"column":24},"end":{"line":23,"column":34}},"6":{"start":{"line":42,"column":14},"end":{"line":45,"column":4}},"7":{"start":{"line":48,"column":13},"end":{"line":81,"column":2}},"8":{"start":{"line":55,"column":24},"end":{"line":55,"column":32}},"9":{"start":{"line":59,"column":24},"end":{"line":59,"column":36}},"10":{"start":{"line":73,"column":14},"end":{"line":80,"column":4}}},"fnMap":{"0":{"name":"(anonymous_0)","decl":{"start":{"line":23,"column":18},"end":{"line":23,"column":21}},"loc":{"start":{"line":23,"column":24},"end":{"line":23,"column":34}}},"1":{"name":"(anonymous_1)","decl":{"start":{"line":42,"column":2},"end":{"line":42,"column":3}},"loc":{"start":{"line":42,"column":14},"end":{"line":45,"column":4}}},"2":{"name":"(anonymous_2)","decl":{"start":{"line":55,"column":18},"end":{"line":55,"column":21}},"loc":{"start":{"line":55,"column":24},"end":{"line":55,"column":32}}},"3":{"name":"(anonymous_3)","decl":{"start":{"line":59,"column":18},"end":{"line":59,"column":21}},"loc":{"start":{"line":59,"column":24},"end":{"line":59,"column":36}}},"4":{"name":"(anonymous_4)","decl":{"start":{"line":73,"column":2},"end":{"line":73,"column":3}},"loc":{"start":{"line":73,"column":14},"end":{"line":80,"column":4}}}},"branchMap":{},"s":{"0":1,"1":1,"2":1,"3":1,"4":1,"5":0,"6":0,"7":1,"8":0,"9":0,"10":0},"f":{"0":0,"1":0,"2":0,"3":0,"4":0},"b":{}}
,"/Users/maryamjalil/Desktop/deutsch-meister-backend/src/database/schema/lesson.schema.ts": {"path":"/Users/maryamjalil/Desktop/deutsch-meister-backend/src/database/schema/lesson.schema.ts","statementMap":{"0":{"start":{"line":1,"column":0},"end":{"line":1,"column":null}},"1":{"start":{"line":11,"column":0},"end":{"line":11,"column":40}},"2":{"start":{"line":12,"column":0},"end":{"line":12,"column":42}},"3":{"start":{"line":13,"column":0},"end":{"line":13,"column":49}},"4":{"start":{"line":15,"column":15},"end":{"line":22,"column":2}},"5":{"start":{"line":20,"column":4},"end":{"line":20,"column":26}},"6":{"start":{"line":24,"column":13},"end":{"line":59,"column":2}},"7":{"start":{"line":39,"column":24},"end":{"line":39,"column":33}},"8":{"start":{"line":41,"column":52},"end":{"line":41,"column":62}},"9":{"start":{"line":49,"column":23},"end":{"line":49,"column":33}},"10":{"start":{"line":51,"column":14},"end":{"line":58,"column":4}}},"fnMap":{"0":{"name":"(anonymous_0)","decl":{"start":{"line":19,"column":2},"end":{"line":19,"column":10}},"loc":{"start":{"line":19,"column":10},"end":{"line":21,"column":3}}},"1":{"name":"(anonymous_1)","decl":{"start":{"line":39,"column":18},"end":{"line":39,"column":21}},"loc":{"start":{"line":39,"column":24},"end":{"line":39,"column":33}}},"2":{"name":"(anonymous_2)","decl":{"start":{"line":41,"column":46},"end":{"line":41,"column":49}},"loc":{"start":{"line":41,"column":52},"end":{"line":41,"column":62}}},"3":{"name":"(anonymous_3)","decl":{"start":{"line":49,"column":17},"end":{"line":49,"column":20}},"loc":{"start":{"line":49,"column":23},"end":{"line":49,"column":33}}},"4":{"name":"(anonymous_4)","decl":{"start":{"line":51,"column":2},"end":{"line":51,"column":3}},"loc":{"start":{"line":51,"column":14},"end":{"line":58,"column":4}}}},"branchMap":{},"s":{"0":3,"1":3,"2":3,"3":3,"4":3,"5":3,"6":3,"7":0,"8":0,"9":0,"10":3},"f":{"0":3,"1":0,"2":0,"3":0,"4":3},"b":{}}
,"/Users/maryamjalil/Desktop/deutsch-meister-backend/src/database/schema/level.schema.ts": {"path":"/Users/maryamjalil/Desktop/deutsch-meister-backend/src/database/schema/level.schema.ts","statementMap":{"0":{"start":{"line":1,"column":0},"end":{"line":1,"column":null}},"1":{"start":{"line":9,"column":0},"end":{"line":9,"column":40}},"2":{"start":{"line":10,"column":0},"end":{"line":10,"column":42}},"3":{"start":{"line":11,"column":13},"end":{"line":42,"column":2}},"4":{"start":{"line":22,"column":24},"end":{"line":22,"column":34}},"5":{"start":{"line":28,"column":14},"end":{"line":41,"column":4}}},"fnMap":{"0":{"name":"(anonymous_0)","decl":{"start":{"line":22,"column":18},"end":{"line":22,"column":21}},"loc":{"start":{"line":22,"column":24},"end":{"line":22,"column":34}}},"1":{"name":"(anonymous_1)","decl":{"start":{"line":28,"column":2},"end":{"line":28,"column":3}},"loc":{"start":{"line":28,"column":14},"end":{"line":41,"column":4}}}},"branchMap":{},"s":{"0":3,"1":3,"2":3,"3":3,"4":0,"5":3},"f":{"0":0,"1":3},"b":{}}
,"/Users/maryamjalil/Desktop/deutsch-meister-backend/src/database/schema/module.schema.ts": {"path":"/Users/maryamjalil/Desktop/deutsch-meister-backend/src/database/schema/module.schema.ts","statementMap":{"0":{"start":{"line":1,"column":0},"end":{"line":1,"column":null}},"1":{"start":{"line":9,"column":0},"end":{"line":9,"column":40}},"2":{"start":{"line":11,"column":13},"end":{"line":29,"column":2}},"3":{"start":{"line":22,"column":24},"end":{"line":22,"column":33}},"4":{"start":{"line":26,"column":14},"end":{"line":28,"column":4}}},"fnMap":{"0":{"name":"(anonymous_0)","decl":{"start":{"line":22,"column":18},"end":{"line":22,"column":21}},"loc":{"start":{"line":22,"column":24},"end":{"line":22,"column":33}}},"1":{"name":"(anonymous_1)","decl":{"start":{"line":26,"column":2},"end":{"line":26,"column":3}},"loc":{"start":{"line":26,"column":14},"end":{"line":28,"column":4}}}},"branchMap":{},"s":{"0":3,"1":3,"2":3,"3":0,"4":3},"f":{"0":0,"1":3},"b":{}}
,"/Users/maryamjalil/Desktop/deutsch-meister-backend/src/database/schema/user.schema.ts": {"path":"/Users/maryamjalil/Desktop/deutsch-meister-backend/src/database/schema/user.schema.ts","statementMap":{"0":{"start":{"line":1,"column":0},"end":{"line":1,"column":74}},"1":{"start":{"line":2,"column":0},"end":{"line":2,"column":35}},"2":{"start":{"line":4,"column":13},"end":{"line":16,"column":3}}},"fnMap":{},"branchMap":{},"s":{"0":3,"1":3,"2":3},"f":{},"b":{}}
,"/Users/maryamjalil/Desktop/deutsch-meister-backend/src/database/schema/vocabulary.schema.ts": {"path":"/Users/maryamjalil/Desktop/deutsch-meister-backend/src/database/schema/vocabulary.schema.ts","statementMap":{"0":{"start":{"line":1,"column":0},"end":{"line":1,"column":null}},"1":{"start":{"line":10,"column":0},"end":{"line":10,"column":42}},"2":{"start":{"line":12,"column":13},"end":{"line":35,"column":2}},"3":{"start":{"line":23,"column":24},"end":{"line":23,"column":34}},"4":{"start":{"line":27,"column":14},"end":{"line":34,"column":4}}},"fnMap":{"0":{"name":"(anonymous_0)","decl":{"start":{"line":23,"column":18},"end":{"line":23,"column":21}},"loc":{"start":{"line":23,"column":24},"end":{"line":23,"column":34}}},"1":{"name":"(anonymous_1)","decl":{"start":{"line":27,"column":2},"end":{"line":27,"column":3}},"loc":{"start":{"line":27,"column":14},"end":{"line":34,"column":4}}}},"branchMap":{},"s":{"0":3,"1":3,"2":3,"3":0,"4":3},"f":{"0":0,"1":3},"b":{}}
,"/Users/maryamjalil/Desktop/deutsch-meister-backend/src/modules/ai/aiContentGenerator.service.ts": {"path":"/Users/maryamjalil/Desktop/deutsch-meister-backend/src/modules/ai/aiContentGenerator.service.ts","statementMap":{"0":{"start":{"line":1,"column":0},"end":{"line":1,"column":52}},"1":{"start":{"line":2,"column":0},"end":{"line":2,"column":28}},"2":{"start":{"line":12,"column":38},"end":{"line":373,"column":null}},"3":{"start":{"line":13,"column":19},"end":{"line":13,"column":71}},"4":{"start":{"line":14,"column":10},"end":{"line":14,"column":37}},"5":{"start":{"line":17,"column":4},"end":{"line":23,"column":5}},"6":{"start":{"line":18,"column":21},"end":{"line":18,"column":45}},"7":{"start":{"line":19,"column":6},"end":{"line":21,"column":7}},"8":{"start":{"line":20,"column":8},"end":{"line":20,"column":48}},"9":{"start":{"line":22,"column":6},"end":{"line":22,"column":41}},"10":{"start":{"line":24,"column":4},"end":{"line":24,"column":23}},"11":{"start":{"line":30,"column":40},"end":{"line":30,"column":45}},"12":{"start":{"line":31,"column":19},"end":{"line":39,"column":2}},"13":{"start":{"line":40,"column":4},"end":{"line":40,"column":31}},"14":{"start":{"line":41,"column":23},"end":{"line":48,"column":6}},"15":{"start":{"line":49,"column":4},"end":{"line":49,"column":42}},"16":{"start":{"line":50,"column":17},"end":{"line":50,"column":62}},"17":{"start":{"line":51,"column":4},"end":{"line":51,"column":30}},"18":{"start":{"line":52,"column":22},"end":{"line":52,"column":47}},"19":{"start":{"line":53,"column":4},"end":{"line":53,"column":40}},"20":{"start":{"line":54,"column":4},"end":{"line":54,"column":61}},"21":{"start":{"line":54,"column":20},"end":{"line":54,"column":61}},"22":{"start":{"line":56,"column":4},"end":{"line":56,"column":36}},"23":{"start":{"line":63,"column":19},"end":{"line":67,"column":2}},"24":{"start":{"line":69,"column":23},"end":{"line":72,"column":6}},"25":{"start":{"line":74,"column":17},"end":{"line":74,"column":62}},"26":{"start":{"line":75,"column":22},"end":{"line":75,"column":47}},"27":{"start":{"line":76,"column":4},"end":{"line":76,"column":52}},"28":{"start":{"line":76,"column":20},"end":{"line":76,"column":52}},"29":{"start":{"line":78,"column":4},"end":{"line":78,"column":36}},"30":{"start":{"line":86,"column":43},"end":{"line":86,"column":48}},"31":{"start":{"line":88,"column":19},"end":{"line":100,"column":2}},"32":{"start":{"line":102,"column":23},"end":{"line":106,"column":6}},"33":{"start":{"line":108,"column":17},"end":{"line":108,"column":62}},"34":{"start":{"line":109,"column":21},"end":{"line":109,"column":46}},"35":{"start":{"line":110,"column":4},"end":{"line":110,"column":79}},"36":{"start":{"line":110,"column":19},"end":{"line":110,"column":79}},"37":{"start":{"line":112,"column":4},"end":{"line":112,"column":35}},"38":{"start":{"line":120,"column":35},"end":{"line":120,"column":40}},"39":{"start":{"line":122,"column":19},"end":{"line":130,"column":2}},"40":{"start":{"line":132,"column":23},"end":{"line":136,"column":6}},"41":{"start":{"line":138,"column":21},"end":{"line":138,"column":66}},"42":{"start":{"line":139,"column":22},"end":{"line":139,"column":51}},"43":{"start":{"line":140,"column":4},"end":{"line":140,"column":70}},"44":{"start":{"line":140,"column":20},"end":{"line":140,"column":70}},"45":{"start":{"line":142,"column":4},"end":{"line":142,"column":36}},"46":{"start":{"line":151,"column":19},"end":{"line":157,"column":2}},"47":{"start":{"line":159,"column":23},"end":{"line":162,"column":6}},"48":{"start":{"line":164,"column":4},"end":{"line":164,"column":57}},"49":{"start":{"line":173,"column":19},"end":{"line":179,"column":2}},"50":{"start":{"line":181,"column":23},"end":{"line":184,"column":6}},"51":{"start":{"line":186,"column":4},"end":{"line":186,"column":57}},"52":{"start":{"line":190,"column":19},"end":{"line":196,"column":2}},"53":{"start":{"line":198,"column":23},"end":{"line":201,"column":6}},"54":{"start":{"line":203,"column":4},"end":{"line":203,"column":57}},"55":{"start":{"line":207,"column":19},"end":{"line":213,"column":2}},"56":{"start":{"line":215,"column":23},"end":{"line":218,"column":6}},"57":{"start":{"line":220,"column":4},"end":{"line":220,"column":57}},"58":{"start":{"line":235,"column":19},"end":{"line":248,"column":2}},"59":{"start":{"line":249,"column":23},"end":{"line":253,"column":6}},"60":{"start":{"line":255,"column":17},"end":{"line":255,"column":62}},"61":{"start":{"line":256,"column":22},"end":{"line":256,"column":47}},"62":{"start":{"line":257,"column":4},"end":{"line":257,"column":72}},"63":{"start":{"line":257,"column":20},"end":{"line":257,"column":72}},"64":{"start":{"line":258,"column":4},"end":{"line":258,"column":36}},"65":{"start":{"line":268,"column":19},"end":{"line":281,"column":2}},"66":{"start":{"line":282,"column":23},"end":{"line":286,"column":6}},"67":{"start":{"line":288,"column":17},"end":{"line":288,"column":62}},"68":{"start":{"line":289,"column":22},"end":{"line":289,"column":47}},"69":{"start":{"line":290,"column":4},"end":{"line":290,"column":70}},"70":{"start":{"line":290,"column":20},"end":{"line":290,"column":70}},"71":{"start":{"line":291,"column":4},"end":{"line":291,"column":36}},"72":{"start":{"line":301,"column":19},"end":{"line":318,"column":2}},"73":{"start":{"line":319,"column":23},"end":{"line":323,"column":6}},"74":{"start":{"line":325,"column":17},"end":{"line":325,"column":62}},"75":{"start":{"line":326,"column":22},"end":{"line":326,"column":47}},"76":{"start":{"line":327,"column":4},"end":{"line":327,"column":74}},"77":{"start":{"line":327,"column":20},"end":{"line":327,"column":74}},"78":{"start":{"line":328,"column":4},"end":{"line":328,"column":36}},"79":{"start":{"line":343,"column":19},"end":{"line":361,"column":2}},"80":{"start":{"line":362,"column":23},"end":{"line":366,"column":6}},"81":{"start":{"line":368,"column":17},"end":{"line":368,"column":62}},"82":{"start":{"line":369,"column":22},"end":{"line":369,"column":47}},"83":{"start":{"line":370,"column":4},"end":{"line":370,"column":76}},"84":{"start":{"line":370,"column":20},"end":{"line":370,"column":76}},"85":{"start":{"line":371,"column":4},"end":{"line":371,"column":36}},"86":{"start":{"line":12,"column":13},"end":{"line":12,"column":38}},"87":{"start":{"line":12,"column":13},"end":{"line":373,"column":null}}},"fnMap":{"0":{"name":"(anonymous_2)","decl":{"start":{"line":12,"column":7},"end":{"line":12,"column":13}},"loc":{"start":{"line":12,"column":7},"end":{"line":373,"column":1}}},"1":{"name":"(anonymous_3)","decl":{"start":{"line":16,"column":10},"end":{"line":16,"column":19}},"loc":{"start":{"line":16,"column":19},"end":{"line":25,"column":3}}},"2":{"name":"(anonymous_4)","decl":{"start":{"line":27,"column":2},"end":{"line":27,"column":7}},"loc":{"start":{"line":28,"column":34},"end":{"line":57,"column":3}}},"3":{"name":"(anonymous_5)","decl":{"start":{"line":59,"column":2},"end":{"line":59,"column":7}},"loc":{"start":{"line":62,"column":3},"end":{"line":79,"column":3}}},"4":{"name":"(anonymous_6)","decl":{"start":{"line":81,"column":2},"end":{"line":81,"column":7}},"loc":{"start":{"line":85,"column":3},"end":{"line":113,"column":3}}},"5":{"name":"(anonymous_7)","decl":{"start":{"line":115,"column":2},"end":{"line":115,"column":7}},"loc":{"start":{"line":119,"column":3},"end":{"line":143,"column":3}}},"6":{"name":"(anonymous_8)","decl":{"start":{"line":145,"column":2},"end":{"line":145,"column":7}},"loc":{"start":{"line":149,"column":26},"end":{"line":165,"column":3}}},"7":{"name":"(anonymous_9)","decl":{"start":{"line":167,"column":2},"end":{"line":167,"column":7}},"loc":{"start":{"line":171,"column":17},"end":{"line":187,"column":3}}},"8":{"name":"(anonymous_10)","decl":{"start":{"line":189,"column":2},"end":{"line":189,"column":7}},"loc":{"start":{"line":189,"column":58},"end":{"line":204,"column":3}}},"9":{"name":"(anonymous_11)","decl":{"start":{"line":206,"column":2},"end":{"line":206,"column":7}},"loc":{"start":{"line":206,"column":50},"end":{"line":221,"column":3}}},"10":{"name":"(anonymous_12)","decl":{"start":{"line":223,"column":2},"end":{"line":223,"column":7}},"loc":{"start":{"line":226,"column":17},"end":{"line":259,"column":3}}},"11":{"name":"(anonymous_13)","decl":{"start":{"line":261,"column":2},"end":{"line":261,"column":7}},"loc":{"start":{"line":264,"column":17},"end":{"line":292,"column":3}}},"12":{"name":"(anonymous_14)","decl":{"start":{"line":294,"column":2},"end":{"line":294,"column":7}},"loc":{"start":{"line":297,"column":17},"end":{"line":329,"column":3}}},"13":{"name":"(anonymous_15)","decl":{"start":{"line":331,"column":2},"end":{"line":331,"column":7}},"loc":{"start":{"line":334,"column":17},"end":{"line":372,"column":3}}}},"branchMap":{"0":{"loc":{"start":{"line":17,"column":4},"end":{"line":23,"column":5}},"type":"if","locations":[{"start":{"line":17,"column":4},"end":{"line":23,"column":5}},{"start":{},"end":{}}]},"1":{"loc":{"start":{"line":19,"column":6},"end":{"line":21,"column":7}},"type":"if","locations":[{"start":{"line":19,"column":6},"end":{"line":21,"column":7}},{"start":{},"end":{}}]},"2":{"loc":{"start":{"line":30,"column":26},"end":{"line":30,"column":35}},"type":"default-arg","locations":[{"start":{"line":30,"column":34},"end":{"line":30,"column":35}}]},"3":{"loc":{"start":{"line":50,"column":17},"end":{"line":50,"column":62}},"type":"binary-expr","locations":[{"start":{"line":50,"column":17},"end":{"line":50,"column":56}},{"start":{"line":50,"column":60},"end":{"line":50,"column":62}}]},"4":{"loc":{"start":{"line":54,"column":4},"end":{"line":54,"column":61}},"type":"if","locations":[{"start":{"line":54,"column":4},"end":{"line":54,"column":61}},{"start":{},"end":{}}]},"5":{"loc":{"start":{"line":74,"column":17},"end":{"line":74,"column":62}},"type":"binary-expr","locations":[{"start":{"line":74,"column":17},"end":{"line":74,"column":56}},{"start":{"line":74,"column":60},"end":{"line":74,"column":62}}]},"6":{"loc":{"start":{"line":76,"column":4},"end":{"line":76,"column":52}},"type":"if","locations":[{"start":{"line":76,"column":4},"end":{"line":76,"column":52}},{"start":{},"end":{}}]},"7":{"loc":{"start":{"line":86,"column":26},"end":{"line":86,"column":38}},"type":"default-arg","locations":[{"start":{"line":86,"column":37},"end":{"line":86,"column":38}}]},"8":{"loc":{"start":{"line":108,"column":17},"end":{"line":108,"column":62}},"type":"binary-expr","locations":[{"start":{"line":108,"column":17},"end":{"line":108,"column":56}},{"start":{"line":108,"column":60},"end":{"line":108,"column":62}}]},"9":{"loc":{"start":{"line":110,"column":4},"end":{"line":110,"column":79}},"type":"if","locations":[{"start":{"line":110,"column":4},"end":{"line":110,"column":79}},{"start":{},"end":{}}]},"10":{"loc":{"start":{"line":138,"column":21},"end":{"line":138,"column":66}},"type":"binary-expr","locations":[{"start":{"line":138,"column":21},"end":{"line":138,"column":60}},{"start":{"line":138,"column":64},"end":{"line":138,"column":66}}]},"11":{"loc":{"start":{"line":140,"column":4},"end":{"line":140,"column":70}},"type":"if","locations":[{"start":{"line":140,"column":4},"end":{"line":140,"column":70}},{"start":{},"end":{}}]},"12":{"loc":{"start":{"line":164,"column":11},"end":{"line":164,"column":56}},"type":"binary-expr","locations":[{"start":{"line":164,"column":11},"end":{"line":164,"column":50}},{"start":{"line":164,"column":54},"end":{"line":164,"column":56}}]},"13":{"loc":{"start":{"line":186,"column":11},"end":{"line":186,"column":56}},"type":"binary-expr","locations":[{"start":{"line":186,"column":11},"end":{"line":186,"column":50}},{"start":{"line":186,"column":54},"end":{"line":186,"column":56}}]},"14":{"loc":{"start":{"line":203,"column":11},"end":{"line":203,"column":56}},"type":"binary-expr","locations":[{"start":{"line":203,"column":11},"end":{"line":203,"column":50}},{"start":{"line":203,"column":54},"end":{"line":203,"column":56}}]},"15":{"loc":{"start":{"line":220,"column":11},"end":{"line":220,"column":56}},"type":"binary-expr","locations":[{"start":{"line":220,"column":11},"end":{"line":220,"column":50}},{"start":{"line":220,"column":54},"end":{"line":220,"column":56}}]},"16":{"loc":{"start":{"line":255,"column":17},"end":{"line":255,"column":62}},"type":"binary-expr","locations":[{"start":{"line":255,"column":17},"end":{"line":255,"column":56}},{"start":{"line":255,"column":60},"end":{"line":255,"column":62}}]},"17":{"loc":{"start":{"line":257,"column":4},"end":{"line":257,"column":72}},"type":"if","locations":[{"start":{"line":257,"column":4},"end":{"line":257,"column":72}},{"start":{},"end":{}}]},"18":{"loc":{"start":{"line":288,"column":17},"end":{"line":288,"column":62}},"type":"binary-expr","locations":[{"start":{"line":288,"column":17},"end":{"line":288,"column":56}},{"start":{"line":288,"column":60},"end":{"line":288,"column":62}}]},"19":{"loc":{"start":{"line":290,"column":4},"end":{"line":290,"column":70}},"type":"if","locations":[{"start":{"line":290,"column":4},"end":{"line":290,"column":70}},{"start":{},"end":{}}]},"20":{"loc":{"start":{"line":325,"column":17},"end":{"line":325,"column":62}},"type":"binary-expr","locations":[{"start":{"line":325,"column":17},"end":{"line":325,"column":56}},{"start":{"line":325,"column":60},"end":{"line":325,"column":62}}]},"21":{"loc":{"start":{"line":327,"column":4},"end":{"line":327,"column":74}},"type":"if","locations":[{"start":{"line":327,"column":4},"end":{"line":327,"column":74}},{"start":{},"end":{}}]},"22":{"loc":{"start":{"line":368,"column":17},"end":{"line":368,"column":62}},"type":"binary-expr","locations":[{"start":{"line":368,"column":17},"end":{"line":368,"column":56}},{"start":{"line":368,"column":60},"end":{"line":368,"column":62}}]},"23":{"loc":{"start":{"line":370,"column":4},"end":{"line":370,"column":76}},"type":"if","locations":[{"start":{"line":370,"column":4},"end":{"line":370,"column":76}},{"start":{},"end":{}}]}},"s":{"0":1,"1":1,"2":1,"3":0,"4":0,"5":0,"6":0,"7":0,"8":0,"9":0,"10":0,"11":0,"12":0,"13":0,"14":0,"15":0,"16":0,"17":0,"18":0,"19":0,"20":0,"21":0,"22":0,"23":0,"24":0,"25":0,"26":0,"27":0,"28":0,"29":0,"30":0,"31":0,"32":0,"33":0,"34":0,"35":0,"36":0,"37":0,"38":0,"39":0,"40":0,"41":0,"42":0,"43":0,"44":0,"45":0,"46":0,"47":0,"48":0,"49":0,"50":0,"51":0,"52":0,"53":0,"54":0,"55":0,"56":0,"57":0,"58":0,"59":0,"60":0,"61":0,"62":0,"63":0,"64":0,"65":0,"66":0,"67":0,"68":0,"69":0,"70":0,"71":0,"72":0,"73":0,"74":0,"75":0,"76":0,"77":0,"78":0,"79":0,"80":0,"81":0,"82":0,"83":0,"84":0,"85":0,"86":1,"87":1},"f":{"0":0,"1":0,"2":0,"3":0,"4":0,"5":0,"6":0,"7":0,"8":0,"9":0,"10":0,"11":0,"12":0,"13":0},"b":{"0":[0,0],"1":[0,0],"2":[0],"3":[0,0],"4":[0,0],"5":[0,0],"6":[0,0],"7":[0],"8":[0,0],"9":[0,0],"10":[0,0],"11":[0,0],"12":[0,0],"13":[0,0],"14":[0,0],"15":[0,0],"16":[0,0],"17":[0,0],"18":[0,0],"19":[0,0],"20":[0,0],"21":[0,0],"22":[0,0],"23":[0,0]}}
,"/Users/maryamjalil/Desktop/deutsch-meister-backend/src/modules/ai/aiModule.ts": {"path":"/Users/maryamjalil/Desktop/deutsch-meister-backend/src/modules/ai/aiModule.ts","statementMap":{"0":{"start":{"line":1,"column":0},"end":{"line":1,"column":40}},"1":{"start":{"line":2,"column":0},"end":{"line":2,"column":73}},"2":{"start":{"line":3,"column":0},"end":{"line":3,"column":51}},"3":{"start":{"line":4,"column":0},"end":{"line":4,"column":61}},"4":{"start":{"line":5,"column":0},"end":{"line":5,"column":42}},"5":{"start":{"line":6,"column":0},"end":{"line":6,"column":57}},"6":{"start":{"line":7,"column":0},"end":{"line":7,"column":59}},"7":{"start":{"line":8,"column":0},"end":{"line":8,"column":63}},"8":{"start":{"line":9,"column":0},"end":{"line":9,"column":65}},"9":{"start":{"line":10,"column":0},"end":{"line":10,"column":69}},"10":{"start":{"line":33,"column":7},"end":{"line":33,"column":null}},"11":{"start":{"line":33,"column":13},"end":{"line":33,"column":21}},"12":{"start":{"line":33,"column":13},"end":{"line":33,"column":null}}},"fnMap":{},"branchMap":{},"s":{"0":0,"1":0,"2":0,"3":0,"4":0,"5":0,"6":0,"7":0,"8":0,"9":0,"10":0,"11":0,"12":0},"f":{},"b":{}}
,"/Users/maryamjalil/Desktop/deutsch-meister-backend/src/modules/ai/aiResolver.ts": {"path":"/Users/maryamjalil/Desktop/deutsch-meister-backend/src/modules/ai/aiResolver.ts","statementMap":{"0":{"start":{"line":1,"column":0},"end":{"line":1,"column":null}},"1":{"start":{"line":11,"column":0},"end":{"line":11,"column":73}},"2":{"start":{"line":12,"column":0},"end":{"line":12,"column":51}},"3":{"start":{"line":13,"column":0},"end":{"line":13,"column":63}},"4":{"start":{"line":16,"column":0},"end":{"line":21,"column":null}},"5":{"start":{"line":17,"column":11},"end":{"line":17,"column":null}},"6":{"start":{"line":18,"column":11},"end":{"line":18,"column":null}},"7":{"start":{"line":19,"column":29},"end":{"line":19,"column":null}},"8":{"start":{"line":20,"column":29},"end":{"line":20,"column":null}},"9":{"start":{"line":16,"column":6},"end":{"line":21,"column":null}},"10":{"start":{"line":24,"column":0},"end":{"line":28,"column":null}},"11":{"start":{"line":25,"column":11},"end":{"line":25,"column":null}},"12":{"start":{"line":26,"column":11},"end":{"line":26,"column":null}},"13":{"start":{"line":27,"column":29},"end":{"line":27,"column":null}},"14":{"start":{"line":24,"column":6},"end":{"line":28,"column":null}},"15":{"start":{"line":31,"column":0},"end":{"line":34,"column":null}},"16":{"start":{"line":32,"column":11},"end":{"line":32,"column":null}},"17":{"start":{"line":33,"column":45},"end":{"line":33,"column":null}},"18":{"start":{"line":33,"column":15},"end":{"line":33,"column":23}},"19":{"start":{"line":31,"column":6},"end":{"line":34,"column":null}},"20":{"start":{"line":37,"column":0},"end":{"line":41,"column":null}},"21":{"start":{"line":38,"column":11},"end":{"line":38,"column":null}},"22":{"start":{"line":39,"column":11},"end":{"line":39,"column":null}},"23":{"start":{"line":40,"column":45},"end":{"line":40,"column":null}},"24":{"start":{"line":40,"column":15},"end":{"line":40,"column":23}},"25":{"start":{"line":37,"column":6},"end":{"line":41,"column":null}},"26":{"start":{"line":44,"column":0},"end":{"line":47,"column":null}},"27":{"start":{"line":45,"column":11},"end":{"line":45,"column":null}},"28":{"start":{"line":46,"column":11},"end":{"line":46,"column":null}},"29":{"start":{"line":44,"column":6},"end":{"line":47,"column":null}},"30":{"start":{"line":50,"column":0},"end":{"line":54,"column":null}},"31":{"start":{"line":51,"column":11},"end":{"line":51,"column":null}},"32":{"start":{"line":52,"column":25},"end":{"line":52,"column":null}},"33":{"start":{"line":52,"column":15},"end":{"line":52,"column":23}},"34":{"start":{"line":53,"column":32},"end":{"line":53,"column":null}},"35":{"start":{"line":53,"column":15},"end":{"line":53,"column":30}},"36":{"start":{"line":50,"column":6},"end":{"line":54,"column":null}},"37":{"start":{"line":57,"column":0},"end":{"line":61,"column":null}},"38":{"start":{"line":58,"column":11},"end":{"line":58,"column":null}},"39":{"start":{"line":59,"column":11},"end":{"line":59,"column":null}},"40":{"start":{"line":60,"column":40},"end":{"line":60,"column":null}},"41":{"start":{"line":60,"column":15},"end":{"line":60,"column":18}},"42":{"start":{"line":57,"column":6},"end":{"line":61,"column":null}},"43":{"start":{"line":64,"column":0},"end":{"line":69,"column":null}},"44":{"start":{"line":65,"column":11},"end":{"line":65,"column":null}},"45":{"start":{"line":66,"column":25},"end":{"line":66,"column":null}},"46":{"start":{"line":66,"column":15},"end":{"line":66,"column":23}},"47":{"start":{"line":67,"column":11},"end":{"line":67,"column":null}},"48":{"start":{"line":68,"column":29},"end":{"line":68,"column":null}},"49":{"start":{"line":64,"column":6},"end":{"line":69,"column":null}},"50":{"start":{"line":72,"column":0},"end":{"line":76,"column":null}},"51":{"start":{"line":73,"column":11},"end":{"line":73,"column":null}},"52":{"start":{"line":74,"column":20},"end":{"line":74,"column":null}},"53":{"start":{"line":74,"column":15},"end":{"line":74,"column":18}},"54":{"start":{"line":75,"column":11},"end":{"line":75,"column":null}},"55":{"start":{"line":72,"column":6},"end":{"line":76,"column":null}},"56":{"start":{"line":79,"column":0},"end":{"line":85,"column":null}},"57":{"start":{"line":80,"column":11},"end":{"line":80,"column":null}},"58":{"start":{"line":81,"column":11},"end":{"line":81,"column":null}},"59":{"start":{"line":82,"column":20},"end":{"line":82,"column":null}},"60":{"start":{"line":82,"column":15},"end":{"line":82,"column":18}},"61":{"start":{"line":83,"column":11},"end":{"line":83,"column":null}},"62":{"start":{"line":84,"column":11},"end":{"line":84,"column":null}},"63":{"start":{"line":79,"column":6},"end":{"line":85,"column":null}},"64":{"start":{"line":88,"column":7},"end":{"line":165,"column":null}},"65":{"start":{"line":90,"column":21},"end":{"line":90,"column":32}},"66":{"start":{"line":91,"column":21},"end":{"line":91,"column":28}},"67":{"start":{"line":96,"column":4},"end":{"line":96,"column":30}},"68":{"start":{"line":97,"column":4},"end":{"line":97,"column":52}},"69":{"start":{"line":102,"column":4},"end":{"line":102,"column":50}},"70":{"start":{"line":107,"column":4},"end":{"line":107,"column":55}},"71":{"start":{"line":112,"column":4},"end":{"line":112,"column":46}},"72":{"start":{"line":117,"column":4},"end":{"line":117,"column":36}},"73":{"start":{"line":127,"column":4},"end":{"line":132,"column":6}},"74":{"start":{"line":142,"column":4},"end":{"line":147,"column":6}},"75":{"start":{"line":155,"column":4},"end":{"line":155,"column":62}},"76":{"start":{"line":163,"column":4},"end":{"line":163,"column":54}},"77":{"start":{"line":88,"column":13},"end":{"line":88,"column":23}},"78":{"start":{"line":95,"column":8},"end":{"line":98,"column":null}},"79":{"start":{"line":94,"column":18},"end":{"line":94,"column":43}},"80":{"start":{"line":101,"column":8},"end":{"line":103,"column":null}},"81":{"start":{"line":100,"column":18},"end":{"line":100,"column":44}},"82":{"start":{"line":106,"column":8},"end":{"line":108,"column":null}},"83":{"start":{"line":105,"column":18},"end":{"line":105,"column":33}},"84":{"start":{"line":111,"column":8},"end":{"line":113,"column":null}},"85":{"start":{"line":110,"column":18},"end":{"line":110,"column":41}},"86":{"start":{"line":116,"column":8},"end":{"line":118,"column":null}},"87":{"start":{"line":115,"column":15},"end":{"line":115,"column":28}},"88":{"start":{"line":121,"column":8},"end":{"line":133,"column":null}},"89":{"start":{"line":120,"column":15},"end":{"line":120,"column":21}},"90":{"start":{"line":136,"column":8},"end":{"line":148,"column":null}},"91":{"start":{"line":135,"column":15},"end":{"line":135,"column":34}},"92":{"start":{"line":151,"column":8},"end":{"line":156,"column":null}},"93":{"start":{"line":150,"column":15},"end":{"line":150,"column":21}},"94":{"start":{"line":159,"column":8},"end":{"line":164,"column":null}},"95":{"start":{"line":158,"column":18},"end":{"line":158,"column":24}},"96":{"start":{"line":88,"column":13},"end":{"line":165,"column":null}}},"fnMap":{"0":{"name":"(anonymous_4)","decl":{"start":{"line":33,"column":9},"end":{"line":33,"column":12}},"loc":{"start":{"line":33,"column":15},"end":{"line":33,"column":23}}},"1":{"name":"(anonymous_5)","decl":{"start":{"line":40,"column":9},"end":{"line":40,"column":12}},"loc":{"start":{"line":40,"column":15},"end":{"line":40,"column":23}}},"2":{"name":"(anonymous_6)","decl":{"start":{"line":52,"column":9},"end":{"line":52,"column":12}},"loc":{"start":{"line":52,"column":15},"end":{"line":52,"column":23}}},"3":{"name":"(anonymous_7)","decl":{"start":{"line":53,"column":9},"end":{"line":53,"column":12}},"loc":{"start":{"line":53,"column":15},"end":{"line":53,"column":30}}},"4":{"name":"(anonymous_8)","decl":{"start":{"line":60,"column":9},"end":{"line":60,"column":12}},"loc":{"start":{"line":60,"column":15},"end":{"line":60,"column":18}}},"5":{"name":"(anonymous_9)","decl":{"start":{"line":66,"column":9},"end":{"line":66,"column":12}},"loc":{"start":{"line":66,"column":15},"end":{"line":66,"column":23}}},"6":{"name":"(anonymous_10)","decl":{"start":{"line":74,"column":9},"end":{"line":74,"column":12}},"loc":{"start":{"line":74,"column":15},"end":{"line":74,"column":18}}},"7":{"name":"(anonymous_11)","decl":{"start":{"line":82,"column":9},"end":{"line":82,"column":12}},"loc":{"start":{"line":82,"column":15},"end":{"line":82,"column":18}}},"8":{"name":"(anonymous_12)","decl":{"start":{"line":89,"column":2},"end":{"line":89,"column":null}},"loc":{"start":{"line":91,"column":42},"end":{"line":92,"column":6}}},"9":{"name":"(anonymous_13)","decl":{"start":{"line":95,"column":8},"end":{"line":95,"column":26}},"loc":{"start":{"line":95,"column":72},"end":{"line":98,"column":3}}},"10":{"name":"(anonymous_14)","decl":{"start":{"line":101,"column":8},"end":{"line":101,"column":24}},"loc":{"start":{"line":101,"column":68},"end":{"line":103,"column":3}}},"11":{"name":"(anonymous_15)","decl":{"start":{"line":106,"column":8},"end":{"line":106,"column":29}},"loc":{"start":{"line":106,"column":71},"end":{"line":108,"column":3}}},"12":{"name":"(anonymous_16)","decl":{"start":{"line":111,"column":8},"end":{"line":111,"column":20}},"loc":{"start":{"line":111,"column":60},"end":{"line":113,"column":3}}},"13":{"name":"(anonymous_17)","decl":{"start":{"line":116,"column":8},"end":{"line":116,"column":16}},"loc":{"start":{"line":116,"column":49},"end":{"line":118,"column":3}}},"14":{"name":"(anonymous_18)","decl":{"start":{"line":121,"column":8},"end":{"line":121,"column":22}},"loc":{"start":{"line":125,"column":79},"end":{"line":133,"column":3}}},"15":{"name":"(anonymous_19)","decl":{"start":{"line":136,"column":8},"end":{"line":136,"column":32}},"loc":{"start":{"line":140,"column":56},"end":{"line":148,"column":3}}},"16":{"name":"(anonymous_20)","decl":{"start":{"line":151,"column":8},"end":{"line":151,"column":21}},"loc":{"start":{"line":153,"column":78},"end":{"line":156,"column":3}}},"17":{"name":"(anonymous_21)","decl":{"start":{"line":159,"column":8},"end":{"line":159,"column":22}},"loc":{"start":{"line":161,"column":56},"end":{"line":164,"column":3}}},"18":{"name":"(anonymous_22)","decl":{"start":{"line":94,"column":12},"end":{"line":94,"column":15}},"loc":{"start":{"line":94,"column":18},"end":{"line":94,"column":43}}},"19":{"name":"(anonymous_23)","decl":{"start":{"line":100,"column":12},"end":{"line":100,"column":15}},"loc":{"start":{"line":100,"column":18},"end":{"line":100,"column":44}}},"20":{"name":"(anonymous_24)","decl":{"start":{"line":105,"column":12},"end":{"line":105,"column":15}},"loc":{"start":{"line":105,"column":18},"end":{"line":105,"column":33}}},"21":{"name":"(anonymous_25)","decl":{"start":{"line":110,"column":12},"end":{"line":110,"column":15}},"loc":{"start":{"line":110,"column":18},"end":{"line":110,"column":41}}},"22":{"name":"(anonymous_26)","decl":{"start":{"line":115,"column":9},"end":{"line":115,"column":12}},"loc":{"start":{"line":115,"column":15},"end":{"line":115,"column":28}}},"23":{"name":"(anonymous_27)","decl":{"start":{"line":120,"column":9},"end":{"line":120,"column":12}},"loc":{"start":{"line":120,"column":15},"end":{"line":120,"column":21}}},"24":{"name":"(anonymous_28)","decl":{"start":{"line":135,"column":9},"end":{"line":135,"column":12}},"loc":{"start":{"line":135,"column":15},"end":{"line":135,"column":34}}},"25":{"name":"(anonymous_29)","decl":{"start":{"line":150,"column":9},"end":{"line":150,"column":12}},"loc":{"start":{"line":150,"column":15},"end":{"line":150,"column":21}}},"26":{"name":"(anonymous_30)","decl":{"start":{"line":158,"column":12},"end":{"line":158,"column":15}},"loc":{"start":{"line":158,"column":18},"end":{"line":158,"column":24}}}},"branchMap":{},"s":{"0":0,"1":0,"2":0,"3":0,"4":0,"5":0,"6":0,"7":0,"8":0,"9":0,"10":0,"11":0,"12":0,"13":0,"14":0,"15":0,"16":0,"17":0,"18":0,"19":0,"20":0,"21":0,"22":0,"23":0,"24":0,"25":0,"26":0,"27":0,"28":0,"29":0,"30":0,"31":0,"32":0,"33":0,"34":0,"35":0,"36":0,"37":0,"38":0,"39":0,"40":0,"41":0,"42":0,"43":0,"44":0,"45":0,"46":0,"47":0,"48":0,"49":0,"50":0,"51":0,"52":0,"53":0,"54":0,"55":0,"56":0,"57":0,"58":0,"59":0,"60":0,"61":0,"62":0,"63":0,"64":0,"65":0,"66":0,"67":0,"68":0,"69":0,"70":0,"71":0,"72":0,"73":0,"74":0,"75":0,"76":0,"77":0,"78":0,"79":0,"80":0,"81":0,"82":0,"83":0,"84":0,"85":0,"86":0,"87":0,"88":0,"89":0,"90":0,"91":0,"92":0,"93":0,"94":0,"95":0,"96":0},"f":{"0":0,"1":0,"2":0,"3":0,"4":0,"5":0,"6":0,"7":0,"8":0,"9":0,"10":0,"11":0,"12":0,"13":0,"14":0,"15":0,"16":0,"17":0,"18":0,"19":0,"20":0,"21":0,"22":0,"23":0,"24":0,"25":0,"26":0},"b":{}}
,"/Users/maryamjalil/Desktop/deutsch-meister-backend/src/modules/ai/aiTutor.service.ts": {"path":"/Users/maryamjalil/Desktop/deutsch-meister-backend/src/modules/ai/aiTutor.service.ts","statementMap":{"0":{"start":{"line":1,"column":0},"end":{"line":1,"column":52}},"1":{"start":{"line":2,"column":0},"end":{"line":2,"column":28}},"2":{"start":{"line":3,"column":0},"end":{"line":3,"column":64}},"3":{"start":{"line":6,"column":27},"end":{"line":75,"column":null}},"4":{"start":{"line":10,"column":33},"end":{"line":10,"column":48}},"5":{"start":{"line":7,"column":21},"end":{"line":7,"column":62}},"6":{"start":{"line":8,"column":12},"end":{"line":8,"column":39}},"7":{"start":{"line":13,"column":8},"end":{"line":19,"column":9}},"8":{"start":{"line":14,"column":27},"end":{"line":14,"column":51}},"9":{"start":{"line":15,"column":12},"end":{"line":17,"column":13}},"10":{"start":{"line":16,"column":16},"end":{"line":16,"column":74}},"11":{"start":{"line":18,"column":12},"end":{"line":18,"column":47}},"12":{"start":{"line":20,"column":8},"end":{"line":20,"column":27}},"13":{"start":{"line":26,"column":22},"end":{"line":26,"column":24}},"14":{"start":{"line":27,"column":37},"end":{"line":27,"column":39}},"15":{"start":{"line":29,"column":8},"end":{"line":38,"column":9}},"16":{"start":{"line":30,"column":36},"end":{"line":30,"column":80}},"17":{"start":{"line":31,"column":12},"end":{"line":33,"column":67}},"18":{"start":{"line":32,"column":28},"end":{"line":32,"column":35}},"19":{"start":{"line":33,"column":44},"end":{"line":33,"column":65}},"20":{"start":{"line":35,"column":12},"end":{"line":35,"column":67}},"21":{"start":{"line":35,"column":46},"end":{"line":35,"column":54}},"22":{"start":{"line":37,"column":12},"end":{"line":37,"column":86}},"23":{"start":{"line":40,"column":23},"end":{"line":49,"column":2}},"24":{"start":{"line":51,"column":8},"end":{"line":73,"column":9}},"25":{"start":{"line":52,"column":31},"end":{"line":59,"column":14}},"26":{"start":{"line":61,"column":12},"end":{"line":66,"column":14}},"27":{"start":{"line":68,"column":12},"end":{"line":68,"column":54}},"28":{"start":{"line":69,"column":12},"end":{"line":72,"column":14}},"29":{"start":{"line":6,"column":13},"end":{"line":6,"column":27}},"30":{"start":{"line":6,"column":13},"end":{"line":75,"column":null}}},"fnMap":{"0":{"name":"(anonymous_3)","decl":{"start":{"line":10,"column":4},"end":{"line":10,"column":33}},"loc":{"start":{"line":10,"column":67},"end":{"line":10,"column":72}}},"1":{"name":"(anonymous_4)","decl":{"start":{"line":12,"column":12},"end":{"line":12,"column":21}},"loc":{"start":{"line":12,"column":21},"end":{"line":21,"column":5}}},"2":{"name":"(anonymous_5)","decl":{"start":{"line":23,"column":4},"end":{"line":23,"column":9}},"loc":{"start":{"line":24,"column":27},"end":{"line":74,"column":5}}},"3":{"name":"(anonymous_6)","decl":{"start":{"line":32,"column":21},"end":{"line":32,"column":22}},"loc":{"start":{"line":32,"column":28},"end":{"line":32,"column":35}}},"4":{"name":"(anonymous_7)","decl":{"start":{"line":33,"column":24},"end":{"line":33,"column":25}},"loc":{"start":{"line":33,"column":44},"end":{"line":33,"column":65}}},"5":{"name":"(anonymous_8)","decl":{"start":{"line":35,"column":39},"end":{"line":35,"column":40}},"loc":{"start":{"line":35,"column":46},"end":{"line":35,"column":54}}}},"branchMap":{"0":{"loc":{"start":{"line":13,"column":8},"end":{"line":19,"column":9}},"type":"if","locations":[{"start":{"line":13,"column":8},"end":{"line":19,"column":9}},{"start":{},"end":{}}]},"1":{"loc":{"start":{"line":15,"column":12},"end":{"line":17,"column":13}},"type":"if","locations":[{"start":{"line":15,"column":12},"end":{"line":17,"column":13}},{"start":{},"end":{}}]},"2":{"loc":{"start":{"line":43,"column":2},"end":{"line":43,"column":50}},"type":"cond-expr","locations":[{"start":{"line":43,"column":12},"end":{"line":43,"column":45}},{"start":{"line":43,"column":48},"end":{"line":43,"column":50}}]},"3":{"loc":{"start":{"line":63,"column":20},"end":{"line":64,"column":50}},"type":"binary-expr","locations":[{"start":{"line":63,"column":20},"end":{"line":63,"column":59}},{"start":{"line":64,"column":20},"end":{"line":64,"column":50}}]}},"s":{"0":0,"1":0,"2":0,"3":0,"4":0,"5":0,"6":0,"7":0,"8":0,"9":0,"10":0,"11":0,"12":0,"13":0,"14":0,"15":0,"16":0,"17":0,"18":0,"19":0,"20":0,"21":0,"22":0,"23":0,"24":0,"25":0,"26":0,"27":0,"28":0,"29":0,"30":0},"f":{"0":0,"1":0,"2":0,"3":0,"4":0,"5":0},"b":{"0":[0,0],"1":[0,0],"2":[0,0],"3":[0,0]}}
,"/Users/maryamjalil/Desktop/deutsch-meister-backend/src/modules/ai/flashcards.resolver.ts": {"path":"/Users/maryamjalil/Desktop/deutsch-meister-backend/src/modules/ai/flashcards.resolver.ts","statementMap":{"0":{"start":{"line":1,"column":0},"end":{"line":1,"column":83}},"1":{"start":{"line":2,"column":0},"end":{"line":2,"column":68}},"2":{"start":{"line":5,"column":0},"end":{"line":9,"column":null}},"3":{"start":{"line":6,"column":13},"end":{"line":6,"column":null}},"4":{"start":{"line":7,"column":13},"end":{"line":7,"column":null}},"5":{"start":{"line":8,"column":31},"end":{"line":8,"column":null}},"6":{"start":{"line":5,"column":6},"end":{"line":9,"column":null}},"7":{"start":{"line":12,"column":7},"end":{"line":23,"column":null}},"8":{"start":{"line":13,"column":33},"end":{"line":13,"column":45}},"9":{"start":{"line":21,"column":8},"end":{"line":21,"column":70}},"10":{"start":{"line":12,"column":13},"end":{"line":12,"column":31}},"11":{"start":{"line":16,"column":10},"end":{"line":22,"column":null}},"12":{"start":{"line":15,"column":20},"end":{"line":15,"column":37}},"13":{"start":{"line":18,"column":37},"end":{"line":18,"column":40}},"14":{"start":{"line":12,"column":13},"end":{"line":23,"column":null}}},"fnMap":{"0":{"name":"(anonymous_4)","decl":{"start":{"line":13,"column":4},"end":{"line":13,"column":33}},"loc":{"start":{"line":13,"column":62},"end":{"line":13,"column":67}}},"1":{"name":"(anonymous_5)","decl":{"start":{"line":16,"column":10},"end":{"line":16,"column":28}},"loc":{"start":{"line":19,"column":60},"end":{"line":22,"column":5}}},"2":{"name":"(anonymous_6)","decl":{"start":{"line":15,"column":14},"end":{"line":15,"column":17}},"loc":{"start":{"line":15,"column":20},"end":{"line":15,"column":37}}},"3":{"name":"(anonymous_7)","decl":{"start":{"line":18,"column":31},"end":{"line":18,"column":34}},"loc":{"start":{"line":18,"column":37},"end":{"line":18,"column":40}}}},"branchMap":{},"s":{"0":0,"1":0,"2":0,"3":0,"4":0,"5":0,"6":0,"7":0,"8":0,"9":0,"10":0,"11":0,"12":0,"13":0,"14":0},"f":{"0":0,"1":0,"2":0,"3":0},"b":{}}
,"/Users/maryamjalil/Desktop/deutsch-meister-backend/src/modules/ai/flashcards.service.ts": {"path":"/Users/maryamjalil/Desktop/deutsch-meister-backend/src/modules/ai/flashcards.service.ts","statementMap":{"0":{"start":{"line":1,"column":0},"end":{"line":1,"column":52}},"1":{"start":{"line":2,"column":0},"end":{"line":2,"column":28}},"2":{"start":{"line":11,"column":30},"end":{"line":45,"column":null}},"3":{"start":{"line":12,"column":21},"end":{"line":12,"column":65}},"4":{"start":{"line":13,"column":12},"end":{"line":13,"column":39}},"5":{"start":{"line":16,"column":8},"end":{"line":20,"column":9}},"6":{"start":{"line":17,"column":27},"end":{"line":17,"column":51}},"7":{"start":{"line":18,"column":12},"end":{"line":18,"column":65}},"8":{"start":{"line":18,"column":25},"end":{"line":18,"column":65}},"9":{"start":{"line":19,"column":12},"end":{"line":19,"column":47}},"10":{"start":{"line":21,"column":8},"end":{"line":21,"column":27}},"11":{"start":{"line":25,"column":23},"end":{"line":31,"column":2}},"12":{"start":{"line":33,"column":27},"end":{"line":37,"column":10}},"13":{"start":{"line":39,"column":25},"end":{"line":39,"column":70}},"14":{"start":{"line":40,"column":26},"end":{"line":40,"column":55}},"15":{"start":{"line":41,"column":8},"end":{"line":41,"column":81}},"16":{"start":{"line":41,"column":24},"end":{"line":41,"column":81}},"17":{"start":{"line":43,"column":8},"end":{"line":43,"column":40}},"18":{"start":{"line":11,"column":13},"end":{"line":11,"column":30}},"19":{"start":{"line":11,"column":13},"end":{"line":45,"column":null}}},"fnMap":{"0":{"name":"(anonymous_2)","decl":{"start":{"line":11,"column":7},"end":{"line":11,"column":13}},"loc":{"start":{"line":11,"column":7},"end":{"line":45,"column":1}}},"1":{"name":"(anonymous_3)","decl":{"start":{"line":15,"column":12},"end":{"line":15,"column":21}},"loc":{"start":{"line":15,"column":21},"end":{"line":22,"column":5}}},"2":{"name":"(anonymous_4)","decl":{"start":{"line":24,"column":4},"end":{"line":24,"column":9}},"loc":{"start":{"line":24,"column":67},"end":{"line":44,"column":5}}}},"branchMap":{"0":{"loc":{"start":{"line":16,"column":8},"end":{"line":20,"column":9}},"type":"if","locations":[{"start":{"line":16,"column":8},"end":{"line":20,"column":9}},{"start":{},"end":{}}]},"1":{"loc":{"start":{"line":18,"column":12},"end":{"line":18,"column":65}},"type":"if","locations":[{"start":{"line":18,"column":12},"end":{"line":18,"column":65}},{"start":{},"end":{}}]},"2":{"loc":{"start":{"line":24,"column":43},"end":{"line":24,"column":53}},"type":"default-arg","locations":[{"start":{"line":24,"column":51},"end":{"line":24,"column":53}}]},"3":{"loc":{"start":{"line":24,"column":55},"end":{"line":24,"column":67}},"type":"default-arg","locations":[{"start":{"line":24,"column":63},"end":{"line":24,"column":67}}]},"4":{"loc":{"start":{"line":39,"column":25},"end":{"line":39,"column":70}},"type":"binary-expr","locations":[{"start":{"line":39,"column":25},"end":{"line":39,"column":64}},{"start":{"line":39,"column":68},"end":{"line":39,"column":70}}]},"5":{"loc":{"start":{"line":41,"column":8},"end":{"line":41,"column":81}},"type":"if","locations":[{"start":{"line":41,"column":8},"end":{"line":41,"column":81}},{"start":{},"end":{}}]}},"s":{"0":1,"1":1,"2":1,"3":1,"4":1,"5":0,"6":0,"7":0,"8":0,"9":0,"10":0,"11":1,"12":1,"13":1,"14":1,"15":1,"16":0,"17":1,"18":1,"19":1},"f":{"0":1,"1":0,"2":1},"b":{"0":[0,0],"1":[0,0],"2":[0],"3":[0],"4":[1,0],"5":[0,1]}}
,"/Users/maryamjalil/Desktop/deutsch-meister-backend/src/modules/ai/pronunciation.resolver.ts": {"path":"/Users/maryamjalil/Desktop/deutsch-meister-backend/src/modules/ai/pronunciation.resolver.ts","statementMap":{"0":{"start":{"line":1,"column":0},"end":{"line":1,"column":75}},"1":{"start":{"line":2,"column":0},"end":{"line":2,"column":63}},"2":{"start":{"line":5,"column":0},"end":{"line":8,"column":null}},"3":{"start":{"line":6,"column":13},"end":{"line":6,"column":null}},"4":{"start":{"line":7,"column":13},"end":{"line":7,"column":null}},"5":{"start":{"line":5,"column":6},"end":{"line":8,"column":null}},"6":{"start":{"line":11,"column":7},"end":{"line":18,"column":null}},"7":{"start":{"line":12,"column":33},"end":{"line":12,"column":48}},"8":{"start":{"line":16,"column":8},"end":{"line":16,"column":59}},"9":{"start":{"line":11,"column":13},"end":{"line":11,"column":34}},"10":{"start":{"line":15,"column":10},"end":{"line":17,"column":null}},"11":{"start":{"line":14,"column":17},"end":{"line":14,"column":31}},"12":{"start":{"line":11,"column":13},"end":{"line":18,"column":null}}},"fnMap":{"0":{"name":"(anonymous_4)","decl":{"start":{"line":12,"column":4},"end":{"line":12,"column":33}},"loc":{"start":{"line":12,"column":68},"end":{"line":12,"column":73}}},"1":{"name":"(anonymous_5)","decl":{"start":{"line":15,"column":10},"end":{"line":15,"column":18}},"loc":{"start":{"line":15,"column":109},"end":{"line":17,"column":5}}},"2":{"name":"(anonymous_6)","decl":{"start":{"line":14,"column":11},"end":{"line":14,"column":14}},"loc":{"start":{"line":14,"column":17},"end":{"line":14,"column":31}}}},"branchMap":{},"s":{"0":0,"1":0,"2":0,"3":0,"4":0,"5":0,"6":0,"7":0,"8":0,"9":0,"10":0,"11":0,"12":0},"f":{"0":0,"1":0,"2":0},"b":{}}
,"/Users/maryamjalil/Desktop/deutsch-meister-backend/src/modules/ai/pronunciation.service.ts": {"path":"/Users/maryamjalil/Desktop/deutsch-meister-backend/src/modules/ai/pronunciation.service.ts","statementMap":{"0":{"start":{"line":1,"column":0},"end":{"line":1,"column":52}},"1":{"start":{"line":2,"column":0},"end":{"line":2,"column":28}},"2":{"start":{"line":5,"column":33},"end":{"line":38,"column":null}},"3":{"start":{"line":6,"column":21},"end":{"line":6,"column":68}},"4":{"start":{"line":7,"column":12},"end":{"line":7,"column":39}},"5":{"start":{"line":10,"column":8},"end":{"line":14,"column":9}},"6":{"start":{"line":11,"column":27},"end":{"line":11,"column":51}},"7":{"start":{"line":12,"column":12},"end":{"line":12,"column":65}},"8":{"start":{"line":12,"column":25},"end":{"line":12,"column":65}},"9":{"start":{"line":13,"column":12},"end":{"line":13,"column":47}},"10":{"start":{"line":15,"column":8},"end":{"line":15,"column":27}},"11":{"start":{"line":19,"column":23},"end":{"line":24,"column":2}},"12":{"start":{"line":26,"column":27},"end":{"line":30,"column":10}},"13":{"start":{"line":32,"column":24},"end":{"line":32,"column":69}},"14":{"start":{"line":33,"column":25},"end":{"line":33,"column":53}},"15":{"start":{"line":34,"column":8},"end":{"line":34,"column":68}},"16":{"start":{"line":34,"column":23},"end":{"line":34,"column":68}},"17":{"start":{"line":36,"column":8},"end":{"line":36,"column":39}},"18":{"start":{"line":5,"column":13},"end":{"line":5,"column":33}},"19":{"start":{"line":5,"column":13},"end":{"line":38,"column":null}}},"fnMap":{"0":{"name":"(anonymous_2)","decl":{"start":{"line":5,"column":7},"end":{"line":5,"column":13}},"loc":{"start":{"line":5,"column":7},"end":{"line":38,"column":1}}},"1":{"name":"(anonymous_3)","decl":{"start":{"line":9,"column":12},"end":{"line":9,"column":21}},"loc":{"start":{"line":9,"column":21},"end":{"line":16,"column":5}}},"2":{"name":"(anonymous_4)","decl":{"start":{"line":18,"column":4},"end":{"line":18,"column":9}},"loc":{"start":{"line":18,"column":52},"end":{"line":37,"column":5}}}},"branchMap":{"0":{"loc":{"start":{"line":10,"column":8},"end":{"line":14,"column":9}},"type":"if","locations":[{"start":{"line":10,"column":8},"end":{"line":14,"column":9}},{"start":{},"end":{}}]},"1":{"loc":{"start":{"line":12,"column":12},"end":{"line":12,"column":65}},"type":"if","locations":[{"start":{"line":12,"column":12},"end":{"line":12,"column":65}},{"start":{},"end":{}}]},"2":{"loc":{"start":{"line":18,"column":33},"end":{"line":18,"column":52}},"type":"default-arg","locations":[{"start":{"line":18,"column":44},"end":{"line":18,"column":52}}]},"3":{"loc":{"start":{"line":32,"column":24},"end":{"line":32,"column":69}},"type":"binary-expr","locations":[{"start":{"line":32,"column":24},"end":{"line":32,"column":63}},{"start":{"line":32,"column":67},"end":{"line":32,"column":69}}]},"4":{"loc":{"start":{"line":34,"column":8},"end":{"line":34,"column":68}},"type":"if","locations":[{"start":{"line":34,"column":8},"end":{"line":34,"column":68}},{"start":{},"end":{}}]}},"s":{"0":1,"1":1,"2":1,"3":1,"4":1,"5":0,"6":0,"7":0,"8":0,"9":0,"10":0,"11":1,"12":1,"13":1,"14":1,"15":1,"16":0,"17":1,"18":1,"19":1},"f":{"0":1,"1":0,"2":1},"b":{"0":[0,0],"1":[0,0],"2":[1],"3":[1,0],"4":[0,1]}}
,"/Users/maryamjalil/Desktop/deutsch-meister-backend/src/modules/ai/spacedRepetition.service.ts": {"path":"/Users/maryamjalil/Desktop/deutsch-meister-backend/src/modules/ai/spacedRepetition.service.ts","statementMap":{"0":{"start":{"line":1,"column":0},"end":{"line":1,"column":44}},"1":{"start":{"line":4,"column":7},"end":{"line":29,"column":null}},"2":{"start":{"line":8,"column":8},"end":{"line":10,"column":9}},"3":{"start":{"line":9,"column":12},"end":{"line":9,"column":88}},"4":{"start":{"line":12,"column":20},"end":{"line":12,"column":86}},"5":{"start":{"line":13,"column":8},"end":{"line":13,"column":37}},"6":{"start":{"line":13,"column":25},"end":{"line":13,"column":37}},"7":{"start":{"line":15,"column":19},"end":{"line":15,"column":20}},"8":{"start":{"line":16,"column":8},"end":{"line":17,"column":61}},"9":{"start":{"line":16,"column":39},"end":{"line":16,"column":48}},"10":{"start":{"line":17,"column":13},"end":{"line":17,"column":61}},"11":{"start":{"line":19,"column":8},"end":{"line":19,"column":61}},"12":{"start":{"line":24,"column":8},"end":{"line":24,"column":94}},"13":{"start":{"line":24,"column":46},"end":{"line":24,"column":94}},"14":{"start":{"line":26,"column":21},"end":{"line":26,"column":48}},"15":{"start":{"line":27,"column":8},"end":{"line":27,"column":76}},"16":{"start":{"line":4,"column":13},"end":{"line":4,"column":36}},"17":{"start":{"line":4,"column":13},"end":{"line":29,"column":null}}},"fnMap":{"0":{"name":"(anonymous_1)","decl":{"start":{"line":6,"column":4},"end":{"line":6,"column":15}},"loc":{"start":{"line":6,"column":81},"end":{"line":20,"column":5}}},"1":{"name":"(anonymous_2)","decl":{"start":{"line":23,"column":4},"end":{"line":23,"column":26}},"loc":{"start":{"line":23,"column":93},"end":{"line":28,"column":5}}}},"branchMap":{"0":{"loc":{"start":{"line":8,"column":8},"end":{"line":10,"column":9}},"type":"if","locations":[{"start":{"line":8,"column":8},"end":{"line":10,"column":9}},{"start":{},"end":{}}]},"1":{"loc":{"start":{"line":13,"column":8},"end":{"line":13,"column":37}},"type":"if","locations":[{"start":{"line":13,"column":8},"end":{"line":13,"column":37}},{"start":{},"end":{}}]},"2":{"loc":{"start":{"line":16,"column":8},"end":{"line":17,"column":61}},"type":"if","locations":[{"start":{"line":16,"column":8},"end":{"line":17,"column":61}},{"start":{"line":17,"column":13},"end":{"line":17,"column":61}}]},"3":{"loc":{"start":{"line":24,"column":8},"end":{"line":24,"column":94}},"type":"if","locations":[{"start":{"line":24,"column":8},"end":{"line":24,"column":94}},{"start":{},"end":{}}]},"4":{"loc":{"start":{"line":24,"column":12},"end":{"line":24,"column":44}},"type":"binary-expr","locations":[{"start":{"line":24,"column":12},"end":{"line":24,"column":20}},{"start":{"line":24,"column":24},"end":{"line":24,"column":44}}]}},"s":{"0":1,"1":1,"2":3,"3":1,"4":2,"5":2,"6":0,"7":2,"8":2,"9":2,"10":0,"11":2,"12":1,"13":0,"14":1,"15":1,"16":1,"17":1},"f":{"0":3,"1":1},"b":{"0":[1,2],"1":[0,2],"2":[2,0],"3":[0,1],"4":[1,1]}}
,"/Users/maryamjalil/Desktop/deutsch-meister-backend/src/modules/ai/vectorSearch.service.ts": {"path":"/Users/maryamjalil/Desktop/deutsch-meister-backend/src/modules/ai/vectorSearch.service.ts","statementMap":{"0":{"start":{"line":1,"column":0},"end":{"line":1,"column":52}},"1":{"start":{"line":2,"column":0},"end":{"line":2,"column":28}},"2":{"start":{"line":3,"column":0},"end":{"line":3,"column":47}},"3":{"start":{"line":4,"column":0},"end":{"line":4,"column":65}},"4":{"start":{"line":5,"column":0},"end":{"line":5,"column":34}},"5":{"start":{"line":8,"column":32},"end":{"line":78,"column":null}},"6":{"start":{"line":9,"column":21},"end":{"line":9,"column":67}},"7":{"start":{"line":10,"column":12},"end":{"line":10,"column":39}},"8":{"start":{"line":13,"column":8},"end":{"line":19,"column":9}},"9":{"start":{"line":14,"column":27},"end":{"line":14,"column":51}},"10":{"start":{"line":15,"column":12},"end":{"line":17,"column":13}},"11":{"start":{"line":16,"column":16},"end":{"line":16,"column":56}},"12":{"start":{"line":18,"column":12},"end":{"line":18,"column":47}},"13":{"start":{"line":20,"column":8},"end":{"line":20,"column":27}},"14":{"start":{"line":25,"column":27},"end":{"line":36,"column":10}},"15":{"start":{"line":38,"column":24},"end":{"line":38,"column":69}},"16":{"start":{"line":41,"column":8},"end":{"line":44,"column":10}},"17":{"start":{"line":43,"column":22},"end":{"line":43,"column":66}},"18":{"start":{"line":48,"column":26},"end":{"line":48,"column":69}},"19":{"start":{"line":50,"column":8},"end":{"line":58,"column":53}},"20":{"start":{"line":54,"column":41},"end":{"line":54,"column":50}},"21":{"start":{"line":60,"column":8},"end":{"line":60,"column":54}},"22":{"start":{"line":64,"column":26},"end":{"line":64,"column":59}},"23":{"start":{"line":66,"column":24},"end":{"line":74,"column":6}},"24":{"start":{"line":70,"column":33},"end":{"line":70,"column":42}},"25":{"start":{"line":76,"column":8},"end":{"line":76,"column":63}},"26":{"start":{"line":8,"column":13},"end":{"line":8,"column":32}},"27":{"start":{"line":8,"column":13},"end":{"line":78,"column":null}}},"fnMap":{"0":{"name":"(anonymous_2)","decl":{"start":{"line":8,"column":7},"end":{"line":8,"column":13}},"loc":{"start":{"line":8,"column":7},"end":{"line":78,"column":1}}},"1":{"name":"(anonymous_3)","decl":{"start":{"line":12,"column":12},"end":{"line":12,"column":21}},"loc":{"start":{"line":12,"column":21},"end":{"line":21,"column":5}}},"2":{"name":"(anonymous_4)","decl":{"start":{"line":24,"column":12},"end":{"line":24,"column":17}},"loc":{"start":{"line":24,"column":46},"end":{"line":45,"column":5}}},"3":{"name":"(anonymous_5)","decl":{"start":{"line":43,"column":12},"end":{"line":43,"column":13}},"loc":{"start":{"line":43,"column":22},"end":{"line":43,"column":66}}},"4":{"name":"(anonymous_6)","decl":{"start":{"line":47,"column":4},"end":{"line":47,"column":9}},"loc":{"start":{"line":47,"column":70},"end":{"line":61,"column":5}}},"5":{"name":"(anonymous_7)","decl":{"start":{"line":54,"column":34},"end":{"line":54,"column":35}},"loc":{"start":{"line":54,"column":41},"end":{"line":54,"column":50}}},"6":{"name":"(anonymous_8)","decl":{"start":{"line":63,"column":4},"end":{"line":63,"column":9}},"loc":{"start":{"line":63,"column":41},"end":{"line":77,"column":5}}},"7":{"name":"(anonymous_9)","decl":{"start":{"line":70,"column":26},"end":{"line":70,"column":27}},"loc":{"start":{"line":70,"column":33},"end":{"line":70,"column":42}}}},"branchMap":{"0":{"loc":{"start":{"line":13,"column":8},"end":{"line":19,"column":9}},"type":"if","locations":[{"start":{"line":13,"column":8},"end":{"line":19,"column":9}},{"start":{},"end":{}}]},"1":{"loc":{"start":{"line":15,"column":12},"end":{"line":17,"column":13}},"type":"if","locations":[{"start":{"line":15,"column":12},"end":{"line":17,"column":13}},{"start":{},"end":{}}]},"2":{"loc":{"start":{"line":38,"column":24},"end":{"line":38,"column":69}},"type":"binary-expr","locations":[{"start":{"line":38,"column":24},"end":{"line":38,"column":63}},{"start":{"line":38,"column":67},"end":{"line":38,"column":69}}]},"3":{"loc":{"start":{"line":63,"column":32},"end":{"line":63,"column":41}},"type":"default-arg","locations":[{"start":{"line":63,"column":40},"end":{"line":63,"column":41}}]}},"s":{"0":0,"1":0,"2":0,"3":0,"4":0,"5":0,"6":0,"7":0,"8":0,"9":0,"10":0,"11":0,"12":0,"13":0,"14":0,"15":0,"16":0,"17":0,"18":0,"19":0,"20":0,"21":0,"22":0,"23":0,"24":0,"25":0,"26":0,"27":0},"f":{"0":0,"1":0,"2":0,"3":0,"4":0,"5":0,"6":0,"7":0},"b":{"0":[0,0],"1":[0,0],"2":[0,0],"3":[0]}}
,"/Users/maryamjalil/Desktop/deutsch-meister-backend/src/modules/auth/auth.module.ts": {"path":"/Users/maryamjalil/Desktop/deutsch-meister-backend/src/modules/auth/auth.module.ts","statementMap":{"0":{"start":{"line":1,"column":0},"end":{"line":1,"column":40}},"1":{"start":{"line":2,"column":0},"end":{"line":2,"column":40}},"2":{"start":{"line":3,"column":0},"end":{"line":3,"column":45}},"3":{"start":{"line":4,"column":0},"end":{"line":4,"column":47}},"4":{"start":{"line":5,"column":0},"end":{"line":5,"column":56}},"5":{"start":{"line":11,"column":7},"end":{"line":11,"column":null}},"6":{"start":{"line":11,"column":13},"end":{"line":11,"column":23}},"7":{"start":{"line":11,"column":13},"end":{"line":11,"column":null}}},"fnMap":{},"branchMap":{},"s":{"0":0,"1":0,"2":0,"3":0,"4":0,"5":0,"6":0,"7":0},"f":{},"b":{}}
,"/Users/maryamjalil/Desktop/deutsch-meister-backend/src/modules/auth/auth.resolver.ts": {"path":"/Users/maryamjalil/Desktop/deutsch-meister-backend/src/modules/auth/auth.resolver.ts","statementMap":{"0":{"start":{"line":1,"column":0},"end":{"line":1,"column":83}},"1":{"start":{"line":2,"column":0},"end":{"line":2,"column":53}},"2":{"start":{"line":3,"column":0},"end":{"line":3,"column":45}},"3":{"start":{"line":4,"column":0},"end":{"line":4,"column":47}},"4":{"start":{"line":7,"column":7},"end":{"line":13,"column":null}},"5":{"start":{"line":7,"column":13},"end":{"line":7,"column":24}},"6":{"start":{"line":9,"column":2},"end":{"line":9,"column":null}},"7":{"start":{"line":12,"column":2},"end":{"line":12,"column":null}},"8":{"start":{"line":7,"column":13},"end":{"line":13,"column":null}},"9":{"start":{"line":16,"column":7},"end":{"line":36,"column":null}},"10":{"start":{"line":17,"column":31},"end":{"line":17,"column":44}},"11":{"start":{"line":21,"column":4},"end":{"line":21,"column":78}},"12":{"start":{"line":26,"column":4},"end":{"line":26,"column":63}},"13":{"start":{"line":34,"column":4},"end":{"line":34,"column":64}},"14":{"start":{"line":16,"column":13},"end":{"line":16,"column":25}},"15":{"start":{"line":20,"column":8},"end":{"line":22,"column":null}},"16":{"start":{"line":19,"column":18},"end":{"line":19,"column":29}},"17":{"start":{"line":25,"column":8},"end":{"line":27,"column":null}},"18":{"start":{"line":24,"column":18},"end":{"line":24,"column":29}},"19":{"start":{"line":30,"column":8},"end":{"line":35,"column":null}},"20":{"start":{"line":29,"column":18},"end":{"line":29,"column":29}},"21":{"start":{"line":31,"column":34},"end":{"line":31,"column":37}},"22":{"start":{"line":16,"column":13},"end":{"line":36,"column":null}}},"fnMap":{"0":{"name":"(anonymous_4)","decl":{"start":{"line":17,"column":2},"end":{"line":17,"column":31}},"loc":{"start":{"line":17,"column":55},"end":{"line":17,"column":59}}},"1":{"name":"(anonymous_5)","decl":{"start":{"line":20,"column":8},"end":{"line":20,"column":16}},"loc":{"start":{"line":20,"column":52},"end":{"line":22,"column":3}}},"2":{"name":"(anonymous_6)","decl":{"start":{"line":25,"column":8},"end":{"line":25,"column":13}},"loc":{"start":{"line":25,"column":46},"end":{"line":27,"column":3}}},"3":{"name":"(anonymous_7)","decl":{"start":{"line":30,"column":8},"end":{"line":30,"column":21}},"loc":{"start":{"line":32,"column":46},"end":{"line":35,"column":3}}},"4":{"name":"(anonymous_8)","decl":{"start":{"line":19,"column":12},"end":{"line":19,"column":15}},"loc":{"start":{"line":19,"column":18},"end":{"line":19,"column":29}}},"5":{"name":"(anonymous_9)","decl":{"start":{"line":24,"column":12},"end":{"line":24,"column":15}},"loc":{"start":{"line":24,"column":18},"end":{"line":24,"column":29}}},"6":{"name":"(anonymous_10)","decl":{"start":{"line":29,"column":12},"end":{"line":29,"column":15}},"loc":{"start":{"line":29,"column":18},"end":{"line":29,"column":29}}},"7":{"name":"(anonymous_11)","decl":{"start":{"line":31,"column":28},"end":{"line":31,"column":31}},"loc":{"start":{"line":31,"column":34},"end":{"line":31,"column":37}}}},"branchMap":{},"s":{"0":0,"1":0,"2":0,"3":0,"4":0,"5":0,"6":0,"7":0,"8":0,"9":0,"10":0,"11":0,"12":0,"13":0,"14":0,"15":0,"16":0,"17":0,"18":0,"19":0,"20":0,"21":0,"22":0},"f":{"0":0,"1":0,"2":0,"3":0,"4":0,"5":0,"6":0,"7":0},"b":{}}
,"/Users/maryamjalil/Desktop/deutsch-meister-backend/src/modules/auth/auth.service.ts": {"path":"/Users/maryamjalil/Desktop/deutsch-meister-backend/src/modules/auth/auth.service.ts","statementMap":{"0":{"start":{"line":1,"column":0},"end":{"line":1,"column":null}},"1":{"start":{"line":6,"column":0},"end":{"line":6,"column":57}},"2":{"start":{"line":7,"column":0},"end":{"line":7,"column":33}},"3":{"start":{"line":8,"column":0},"end":{"line":8,"column":44}},"4":{"start":{"line":9,"column":0},"end":{"line":9,"column":58}},"5":{"start":{"line":12,"column":0},"end":{"line":12,"column":33}},"6":{"start":{"line":15,"column":7},"end":{"line":132,"column":null}},"7":{"start":{"line":16,"column":31},"end":{"line":16,"column":43}},"8":{"start":{"line":19,"column":25},"end":{"line":23,"column":15}},"9":{"start":{"line":25,"column":4},"end":{"line":27,"column":5}},"10":{"start":{"line":26,"column":6},"end":{"line":26,"column":58}},"11":{"start":{"line":29,"column":27},"end":{"line":29,"column":58}},"12":{"start":{"line":31,"column":19},"end":{"line":41,"column":8}},"13":{"start":{"line":43,"column":19},"end":{"line":43,"column":72}},"14":{"start":{"line":45,"column":4},"end":{"line":50,"column":36}},"15":{"start":{"line":52,"column":4},"end":{"line":52,"column":18}},"16":{"start":{"line":56,"column":19},"end":{"line":60,"column":15}},"17":{"start":{"line":62,"column":17},"end":{"line":62,"column":26}},"18":{"start":{"line":63,"column":4},"end":{"line":65,"column":5}},"19":{"start":{"line":64,"column":6},"end":{"line":64,"column":61}},"20":{"start":{"line":67,"column":20},"end":{"line":67,"column":65}},"21":{"start":{"line":68,"column":4},"end":{"line":70,"column":5}},"22":{"start":{"line":69,"column":6},"end":{"line":69,"column":61}},"23":{"start":{"line":72,"column":19},"end":{"line":72,"column":72}},"24":{"start":{"line":74,"column":4},"end":{"line":79,"column":36}},"25":{"start":{"line":81,"column":4},"end":{"line":81,"column":18}},"26":{"start":{"line":85,"column":19},"end":{"line":89,"column":15}},"27":{"start":{"line":91,"column":17},"end":{"line":91,"column":26}},"28":{"start":{"line":93,"column":4},"end":{"line":95,"column":5}},"29":{"start":{"line":94,"column":6},"end":{"line":94,"column":55}},"30":{"start":{"line":97,"column":20},"end":{"line":97,"column":73}},"31":{"start":{"line":98,"column":4},"end":{"line":100,"column":5}},"32":{"start":{"line":99,"column":6},"end":{"line":99,"column":55}},"33":{"start":{"line":102,"column":19},"end":{"line":102,"column":72}},"34":{"start":{"line":104,"column":4},"end":{"line":109,"column":36}},"35":{"start":{"line":111,"column":4},"end":{"line":111,"column":18}},"36":{"start":{"line":115,"column":32},"end":{"line":118,"column":6}},"37":{"start":{"line":120,"column":24},"end":{"line":123,"column":24}},"38":{"start":{"line":125,"column":25},"end":{"line":128,"column":24}},"39":{"start":{"line":130,"column":4},"end":{"line":130,"column":41}},"40":{"start":{"line":15,"column":13},"end":{"line":15,"column":24}},"41":{"start":{"line":15,"column":13},"end":{"line":132,"column":null}}},"fnMap":{"0":{"name":"(anonymous_11)","decl":{"start":{"line":16,"col
[...]
"line":9,"column":2},"end":{"line":9,"column":7}},"loc":{"start":{"line":9,"column":45},"end":{"line":19,"column":3}}},"1":{"name":"(anonymous_2)","decl":{"start":{"line":21,"column":2},"end":{"line":21,"column":7}},"loc":{"start":{"line":21,"column":45},"end":{"line":36,"column":3}}},"2":{"name":"(anonymous_3)","decl":{"start":{"line":38,"column":2},"end":{"line":38,"column":7}},"loc":{"start":{"line":38,"column":31},"end":{"line":49,"column":3}}},"3":{"name":"(anonymous_4)","decl":{"start":{"line":51,"column":2},"end":{"line":51,"column":7}},"loc":{"start":{"line":51,"column":18},"end":{"line":53,"column":3}}},"4":{"name":"(anonymous_5)","decl":{"start":{"line":55,"column":2},"end":{"line":55,"column":7}},"loc":{"start":{"line":55,"column":28},"end":{"line":65,"column":3}}},"5":{"name":"(anonymous_6)","decl":{"start":{"line":67,"column":2},"end":{"line":67,"column":7}},"loc":{"start":{"line":67,"column":41},"end":{"line":72,"column":3}}}},"branchMap":{"0":{"loc":{"start":{"line":23,"column":4},"end":{"line":23,"column":66}},"type":"if","locations":[{"start":{"line":23,"column":4},"end":{"line":23,"column":66}},{"start":{},"end":{}}]},"1":{"loc":{"start":{"line":24,"column":4},"end":{"line":24,"column":66}},"type":"if","locations":[{"start":{"line":24,"column":4},"end":{"line":24,"column":66}},{"start":{},"end":{}}]},"2":{"loc":{"start":{"line":32,"column":4},"end":{"line":34,"column":5}},"type":"if","locations":[{"start":{"line":32,"column":4},"end":{"line":34,"column":5}},{"start":{},"end":{}}]},"3":{"loc":{"start":{"line":45,"column":4},"end":{"line":47,"column":5}},"type":"if","locations":[{"start":{"line":45,"column":4},"end":{"line":47,"column":5}},{"start":{},"end":{}}]},"4":{"loc":{"start":{"line":61,"column":4},"end":{"line":63,"column":5}},"type":"if","locations":[{"start":{"line":61,"column":4},"end":{"line":63,"column":5}},{"start":{},"end":{}}]}},"s":{"0":0,"1":0,"2":0,"3":0,"4":0,"5":0,"6":0,"7":0,"8":0,"9":0,"10":0,"11":0,"12":0,"13":0,"14":0,"15":0,"16":0,"17":0,"18":0,"19":0,"20":0,"21":0,"22":0,"23":0,"24":0,"25":0,"26":0,"27":0},"f":{"0":0,"1":0,"2":0,"3":0,"4":0,"5":0},"b":{"0":[0,0],"1":[0,0],"2":[0,0],"3":[0,0],"4":[0,0]}}
,"/Users/maryamjalil/Desktop/deutsch-meister-backend/src/modules/users/user.model.ts": {"path":"/Users/maryamjalil/Desktop/deutsch-meister-backend/src/modules/users/user.model.ts","statementMap":{"0":{"start":{"line":1,"column":0},"end":{"line":1,"column":57}},"1":{"start":{"line":2,"column":0},"end":{"line":2,"column":52}},"2":{"start":{"line":5,"column":7},"end":{"line":17,"column":null}},"3":{"start":{"line":5,"column":13},"end":{"line":5,"column":17}},"4":{"start":{"line":7,"column":2},"end":{"line":7,"column":null}},"5":{"start":{"line":6,"column":15},"end":{"line":6,"column":18}},"6":{"start":{"line":10,"column":2},"end":{"line":10,"column":null}},"7":{"start":{"line":13,"column":2},"end":{"line":13,"column":null}},"8":{"start":{"line":12,"column":15},"end":{"line":12,"column":19}},"9":{"start":{"line":16,"column":2},"end":{"line":16,"column":null}},"10":{"start":{"line":5,"column":13},"end":{"line":17,"column":null}}},"fnMap":{"0":{"name":"(anonymous_2)","decl":{"start":{"line":6,"column":9},"end":{"line":6,"column":12}},"loc":{"start":{"line":6,"column":15},"end":{"line":6,"column":18}}},"1":{"name":"(anonymous_3)","decl":{"start":{"line":12,"column":9},"end":{"line":12,"column":12}},"loc":{"start":{"line":12,"column":15},"end":{"line":12,"column":19}}}},"branchMap":{},"s":{"0":1,"1":1,"2":1,"3":1,"4":1,"5":0,"6":1,"7":1,"8":0,"9":1,"10":1},"f":{"0":0,"1":0},"b":{}}
,"/Users/maryamjalil/Desktop/deutsch-meister-backend/src/modules/users/users.module.ts": {"path":"/Users/maryamjalil/Desktop/deutsch-meister-backend/src/modules/users/users.module.ts","statementMap":{"0":{"start":{"line":1,"column":0},"end":{"line":1,"column":40}},"1":{"start":{"line":2,"column":0},"end":{"line":2,"column":47}},"2":{"start":{"line":3,"column":0},"end":{"line":3,"column":49}},"3":{"start":{"line":9,"column":7},"end":{"line":9,"column":null}},"4":{"start":{"line":9,"column":13},"end":{"line":9,"column":24}},"5":{"start":{"line":9,"column":13},"end":{"line":9,"column":null}}},"fnMap":{},"branchMap":{},"s":{"0":0,"1":0,"2":0,"3":0,"4":0,"5":0},"f":{},"b":{}}
,"/Users/maryamjalil/Desktop/deutsch-meister-backend/src/modules/users/users.resolver.ts": {"path":"/Users/maryamjalil/Desktop/deutsch-meister-backend/src/modules/users/users.resolver.ts","statementMap":{"0":{"start":{"line":1,"column":0},"end":{"line":1,"column":50}},"1":{"start":{"line":2,"column":0},"end":{"line":2,"column":36}},"2":{"start":{"line":3,"column":0},"end":{"line":3,"column":47}},"3":{"start":{"line":6,"column":7},"end":{"line":13,"column":null}},"4":{"start":{"line":7,"column":22},"end":{"line":7,"column":36}},"5":{"start":{"line":11,"column":4},"end":{"line":11,"column":39}},"6":{"start":{"line":6,"column":13},"end":{"line":6,"column":26}},"7":{"start":{"line":10,"column":8},"end":{"line":12,"column":null}},"8":{"start":{"line":9,"column":15},"end":{"line":9,"column":21}},"9":{"start":{"line":6,"column":13},"end":{"line":13,"column":null}},"10":{"start":{"line":5,"column":16},"end":{"line":5,"column":20}}},"fnMap":{"0":{"name":"(anonymous_2)","decl":{"start":{"line":7,"column":2},"end":{"line":7,"column":22}},"loc":{"start":{"line":7,"column":48},"end":{"line":7,"column":52}}},"1":{"name":"(anonymous_3)","decl":{"start":{"line":10,"column":8},"end":{"line":10,"column":16}},"loc":{"start":{"line":10,"column":16},"end":{"line":12,"column":3}}},"2":{"name":"(anonymous_4)","decl":{"start":{"line":9,"column":9},"end":{"line":9,"column":12}},"loc":{"start":{"line":9,"column":15},"end":{"line":9,"column":21}}},"3":{"name":"(anonymous_5)","decl":{"start":{"line":5,"column":10},"end":{"line":5,"column":13}},"loc":{"start":{"line":5,"column":16},"end":{"line":5,"column":20}}}},"branchMap":{},"s":{"0":1,"1":1,"2":1,"3":1,"4":0,"5":0,"6":1,"7":1,"8":0,"9":1,"10":2},"f":{"0":0,"1":0,"2":0,"3":2},"b":{}}
,"/Users/maryamjalil/Desktop/deutsch-meister-backend/src/modules/users/users.service.ts": {"path":"/Users/maryamjalil/Desktop/deutsch-meister-backend/src/modules/users/users.service.ts","statementMap":{"0":{"start":{"line":1,"column":0},"end":{"line":1,"column":44}},"1":{"start":{"line":2,"column":0},"end":{"line":2,"column":44}},"2":{"start":{"line":3,"column":0},"end":{"line":3,"column":58}},"3":{"start":{"line":6,"column":7},"end":{"line":10,"column":null}},"4":{"start":{"line":8,"column":4},"end":{"line":8,"column":35}},"5":{"start":{"line":6,"column":13},"end":{"line":6,"column":25}},"6":{"start":{"line":6,"column":13},"end":{"line":10,"column":null}}},"fnMap":{"0":{"name":"(anonymous_1)","decl":{"start":{"line":7,"column":2},"end":{"line":7,"column":7}},"loc":{"start":{"line":7,"column":15},"end":{"line":9,"column":3}}}},"branchMap":{},"s":{"0":2,"1":2,"2":2,"3":2,"4":0,"5":2,"6":2},"f":{"0":0},"b":{}}
,"/Users/maryamjalil/Desktop/deutsch-meister-backend/src/modules/vocabulary/vocabulary.model.ts": {"path":"/Users/maryamjalil/Desktop/deutsch-meister-backend/src/modules/vocabulary/vocabulary.model.ts","statementMap":{"0":{"start":{"line":1,"column":0},"end":{"line":1,"column":57}},"1":{"start":{"line":4,"column":7},"end":{"line":13,"column":null}},"2":{"start":{"line":4,"column":13},"end":{"line":4,"column":23}},"3":{"start":{"line":6,"column":2},"end":{"line":6,"column":null}},"4":{"start":{"line":5,"column":15},"end":{"line":5,"column":18}},"5":{"start":{"line":9,"column":2},"end":{"line":9,"column":null}},"6":{"start":{"line":12,"column":2},"end":{"line":12,"column":null}},"7":{"start":{"line":4,"column":13},"end":{"line":13,"column":null}}},"fnMap":{"0":{"name":"(anonymous_2)","decl":{"start":{"line":5,"column":9},"end":{"line":5,"column":12}},"loc":{"start":{"line":5,"column":15},"end":{"line":5,"column":18}}}},"branchMap":{},"s":{"0":0,"1":0,"2":0,"3":0,"4":0,"5":0,"6":0,"7":0},"f":{"0":0},"b":{}}
,"/Users/maryamjalil/Desktop/deutsch-meister-backend/src/modules/vocabulary/vocabulary.module.ts": {"path":"/Users/maryamjalil/Desktop/deutsch-meister-backend/src/modules/vocabulary/vocabulary.module.ts","statementMap":{"0":{"start":{"line":1,"column":0},"end":{"line":1,"column":40}},"1":{"start":{"line":2,"column":0},"end":{"line":2,"column":59}},"2":{"start":{"line":3,"column":0},"end":{"line":3,"column":57}},"3":{"start":{"line":9,"column":7},"end":{"line":9,"column":null}},"4":{"start":{"line":9,"column":13},"end":{"line":9,"column":29}},"5":{"start":{"line":9,"column":13},"end":{"line":9,"column":null}}},"fnMap":{},"branchMap":{},"s":{"0":0,"1":0,"2":0,"3":0,"4":0,"5":0},"f":{},"b":{}}
,"/Users/maryamjalil/Desktop/deutsch-meister-backend/src/modules/vocabulary/vocabulary.resolver.ts": {"path":"/Users/maryamjalil/Desktop/deutsch-meister-backend/src/modules/vocabulary/vocabulary.resolver.ts","statementMap":{"0":{"start":{"line":1,"column":0},"end":{"line":1,"column":71}},"1":{"start":{"line":2,"column":0},"end":{"line":2,"column":48}},"2":{"start":{"line":3,"column":0},"end":{"line":3,"column":57}},"3":{"start":{"line":4,"column":0},"end":{"line":4,"column":null}},"4":{"start":{"line":8,"column":0},"end":{"line":8,"column":43}},"5":{"start":{"line":9,"column":0},"end":{"line":9,"column":61}},"6":{"start":{"line":10,"column":0},"end":{"line":10,"column":56}},"7":{"start":{"line":11,"column":0},"end":{"line":11,"column":59}},"8":{"start":{"line":14,"column":7},"end":{"line":63,"column":null}},"9":{"start":{"line":15,"column":22},"end":{"line":15,"column":41}},"10":{"start":{"line":23,"column":4},"end":{"line":23,"column":58}},"11":{"start":{"line":32,"column":4},"end":{"line":32,"column":58}},"12":{"start":{"line":39,"column":4},"end":{"line":39,"column":55}},"13":{"start":{"line":44,"column":4},"end":{"line":44,"column":52}},"14":{"start":{"line":49,"column":4},"end":{"line":49,"column":52}},"15":{"start":{"line":56,"column":4},"end":{"line":56,"column":66}},"16":{"start":{"line":61,"column":4},"end":{"line":61,"column":58}},"17":{"start":{"line":14,"column":13},"end":{"line":14,"column":31}},"18":{"start":{"line":20,"column":8},"end":{"line":24,"column":null}},"19":{"start":{"line":17,"column":18},"end":{"line":17,"column":28}},"20":{"start":{"line":29,"column":8},"end":{"line":33,"column":null}},"21":{"start":{"line":26,"column":18},"end":{"line":26,"column":28}},"22":{"start":{"line":38,"column":8},"end":{"line":40,"column":null}},"23":{"start":{"line":35,"column":18},"end":{"line":35,"column":28}},"24":{"start":{"line":38,"column":51},"end":{"line":38,"column":54}},"25":{"start":{"line":43,"column":8},"end":{"line":45,"column":null}},"26":{"start":{"line":42,"column":15},"end":{"line":42,"column":27}},"27":{"start":{"line":48,"column":8},"end":{"line":50,"column":null}},"28":{"start":{"line":47,"column":15},"end":{"line":47,"column":25}},"29":{"start":{"line":48,"column":48},"end":{"line":48,"column":51}},"30":{"start":{"line":53,"column":8},"end":{"line":57,"column":null}},"31":{"start":{"line":52,"column":15},"end":{"line":52,"column":27}},"32":{"start":{"line":54,"column":36},"end":{"line":54,"column":39}},"33":{"start":{"line":60,"column":8},"end":{"line":62,"column":null}},"34":{"start":{"line":59,"column":15},"end":{"line":59,"column":27}},"35":{"start":{"line":14,"column":13},"end":{"line":63,"column":null}},"36":{"start":{"line":13,"column":16},"end":{"line":13,"column":26}}},"fnMap":{"0":{"name":"(anonymous_4)","decl":{"start":{"line":15,"column":2},"end":{"line":15,"column":22}},"loc":{"start":{"line":15,"column":58},"end":{"line":15,"column":62}}},"1":{"name":"(anonymous_5)","decl":{"start":{"line":20,"column":8},"end":{"line":20,"column":24}},"loc":{"start":{"line":21,"column":47},"end":{"line":24,"column":3}}},"2":{"name":"(anonymous_6)","decl":{"start":{"line":29,"column":8},"end":{"line":29,"column":24}},"loc":{"start":{"line":30,"column":47},"end":{"line":33,"column":3}}},"3":{"name":"(anonymous_7)","decl":{"start":{"line":38,"column":8},"end":{"line":38,"column":24}},"loc":{"start":{"line":38,"column":68},"end":{"line":40,"column":3}}},"4":{"name":"(anonymous_8)","decl":{"start":{"line":43,"column":8},"end":{"line":43,"column":23}},"loc":{"start":{"line":43,"column":23},"end":{"line":45,"column":3}}},"5":{"name":"(anonymous_9)","decl":{"start":{"line":48,"column":8},"end":{"line":48,"column":21}},"loc":{"start":{"line":48,"column":65},"end":{"line":50,"column":3}}},"6":{"name":"(anonymous_10)","decl":{"start":{"line":53,"column":8},"end":{"line":53,"column":29}},"loc":{"start":{"line":54,"column":59},"end":{"line":57,"column":3}}},"7":{"name":"(anonymous_11)","decl":{"start":{"line":60,"column":8},"end":{"line":60,"column":24}},"loc":{"start":{"line":60,"column":53},"end":{"line":62,"column":3}}},"8":{"name":"(anonymous_12)","decl":{"start":{"line":17,"column":12},"end":{"line":17,"column":15}},"loc":{"start":{"line":17,"column":18},"end":{"line":17,"column":28}}},"9":{"name":"(anonymous_13)","decl":{"start":{"line":26,"column":12},"end":{"line":26,"column":15}},"loc":{"start":{"line":26,"column":18},"end":{"line":26,"column":28}}},"10":{"name":"(anonymous_14)","decl":{"start":{"line":35,"column":12},"end":{"line":35,"column":15}},"loc":{"start":{"line":35,"column":18},"end":{"line":35,"column":28}}},"11":{"name":"(anonymous_15)","decl":{"start":{"line":38,"column":45},"end":{"line":38,"column":48}},"loc":{"start":{"line":38,"column":51},"end":{"line":38,"column":54}}},"12":{"name":"(anonymous_16)","decl":{"start":{"line":42,"column":9},"end":{"line":42,"column":12}},"loc":{"start":{"line":42,"column":15},"end":{"line":42,"column":27}}},"13":{"name":"(anonymous_17)","decl":{"start":{"line":47,"column":9},"end":{"line":47,"column":12}},"loc":{"start":{"line":47,"column":15},"end":{"line":47,"column":25}}},"14":{"name":"(anonymous_18)","decl":{"start":{"line":48,"column":42},"end":{"line":48,"column":45}},"loc":{"start":{"line":48,"column":48},"end":{"line":48,"column":51}}},"15":{"name":"(anonymous_19)","decl":{"start":{"line":52,"column":9},"end":{"line":52,"column":12}},"loc":{"start":{"line":52,"column":15},"end":{"line":52,"column":27}}},"16":{"name":"(anonymous_20)","decl":{"start":{"line":54,"column":30},"end":{"line":54,"column":33}},"loc":{"start":{"line":54,"column":36},"end":{"line":54,"column":39}}},"17":{"name":"(anonymous_21)","decl":{"start":{"line":59,"column":9},"end":{"line":59,"column":12}},"loc":{"start":{"line":59,"column":15},"end":{"line":59,"column":27}}},"18":{"name":"(anonymous_22)","decl":{"start":{"line":13,"column":10},"end":{"line":13,"column":13}},"loc":{"start":{"line":13,"column":16},"end":{"line":13,"column":26}}}},"branchMap":{},"s":{"0":0,"1":0,"2":0,"3":0,"4":0,"5":0,"6":0,"7":0,"8":0,"9":0,"10":0,"11":0,"12":0,"13":0,"14":0,"15":0,"16":0,"17":0,"18":0,"19":0,"20":0,"21":0,"22":0,"23":0,"24":0,"25":0,"26":0,"27":0,"28":0,"29":0,"30":0,"31":0,"32":0,"33":0,"34":0,"35":0,"36":0},"f":{"0":0,"1":0,"2":0,"3":0,"4":0,"5":0,"6":0,"7":0,"8":0,"9":0,"10":0,"11":0,"12":0,"13":0,"14":0,"15":0,"16":0,"17":0,"18":0},"b":{}}
,"/Users/maryamjalil/Desktop/deutsch-meister-backend/src/modules/vocabulary/vocabulary.service.ts": {"path":"/Users/maryamjalil/Desktop/deutsch-meister-backend/src/modules/vocabulary/vocabulary.service.ts","statementMap":{"0":{"start":{"line":1,"column":0},"end":{"line":1,"column":63}},"1":{"start":{"line":2,"column":0},"end":{"line":2,"column":44}},"2":{"start":{"line":7,"column":0},"end":{"line":7,"column":38}},"3":{"start":{"line":8,"column":0},"end":{"line":8,"column":71}},"4":{"start":{"line":11,"column":7},"end":{"line":85,"column":null}},"5":{"start":{"line":13,"column":25},"end":{"line":20,"column":18}},"6":{"start":{"line":21,"column":4},"end":{"line":21,"column":22}},"7":{"start":{"line":25,"column":48},"end":{"line":25,"column":50}},"8":{"start":{"line":26,"column":4},"end":{"line":26,"column":63}},"9":{"start":{"line":26,"column":34},"end":{"line":26,"column":63}},"10":{"start":{"line":27,"column":4},"end":{"line":27,"column":72}},"11":{"start":{"line":27,"column":37},"end":{"line":27,"column":72}},"12":{"start":{"line":28,"column":4},"end":{"line":28,"column":75}},"13":{"start":{"line":28,"column":38},"end":{"line":28,"column":75}},"14":{"start":{"line":30,"column":32},"end":{"line":34,"column":18}},"15":{"start":{"line":36,"column":4},"end":{"line":38,"column":5}},"16":{"start":{"line":37,"column":6},"end":{"line":37,"column":78}},"17":{"start":{"line":39,"column":4},"end":{"line":39,"column":29}},"18":{"start":{"line":43,"column":22},"end":{"line":46,"column":18}},"19":{"start":{"line":48,"column":4},"end":{"line":50,"column":5}},"20":{"start":{"line":49,"column":6},"end":{"line":49,"column":72}},"21":{"start":{"line":51,"column":4},"end":{"line":51,"column":19}},"22":{"start":{"line":55,"column":4},"end":{"line":55,"column":42}},"23":{"start":{"line":59,"column":25},"end":{"line":62,"column":37}},"24":{"start":{"line":64,"column":4},"end":{"line":66,"column":5}},"25":{"start":{"line":65,"column":6},"end":{"line":65,"column":72}},"26":{"start":{"line":67,"column":4},"end":{"line":67,"column":22}},"27":{"start":{"line":71,"column":4},"end":{"line":74,"column":50}},"28":{"start":{"line":78,"column":4},"end":{"line":83,"column":8}},"29":{"start":{"line":11,"column":13},"end":{"line":11,"column":30}},"30":{"start":{"line":11,"column":13},"end":{"line":85,"column":null}}},"fnMap":{"0":{"name":"(anonymous_1)","decl":{"start":{"line":12,"column":2},"end":{"line":12,"column":7}},"loc":{"start":{"line":12,"column":53},"end":{"line":22,"column":3}}},"1":{"name":"(anonymous_2)","decl":{"start":{"line":24,"column":2},"end":{"line":24,"column":7}},"loc":{"start":{"line":24,"column":53},"end":{"line":40,"column":3}}},"2":{"name":"(anonymous_3)","decl":{"start":{"line":42,"column":2},"end":{"line":42,"column":7}},"loc":{"start":{"line":42,"column":35},"end":{"line":52,"column":3}}},"3":{"name":"(anonymous_4)","decl":{"start":{"line":54,"column":2},"end":{"line":54,"column":7}},"loc":{"start":{"line":54,"column":23},"end":{"line":56,"column":3}}},"4":{"name":"(anonymous_5)","decl":{"start":{"line":58,"column":2},"end":{"line":58,"column":7}},"loc":{"start":{"line":58,"column":32},"end":{"line":68,"column":3}}},"5":{"name":"(anonymous_6)","decl":{"start":{"line":70,"column":2},"end":{"line":70,"column":7}},"loc":{"start":{"line":70,"column":46},"end":{"line":75,"column":3}}},"6":{"name":"(anonymous_7)","decl":{"start":{"line":77,"column":2},"end":{"line":77,"column":7}},"loc":{"start":{"line":77,"column":43},"end":{"line":84,"column":3}}}},"branchMap":{"0":{"loc":{"start":{"line":26,"column":4},"end":{"line":26,"column":63}},"type":"if","locations":[{"start":{"line":26,"column":4},"end":{"line":26,"column":63}},{"start":{},"end":{}}]},"1":{"loc":{"start":{"line":27,"column":4},"end":{"line":27,"column":72}},"type":"if","locations":[{"start":{"line":27,"column":4},"end":{"line":27,"column":72}},{"start":{},"end":{}}]},"2":{"loc":{"start":{"line":28,"column":4},"end":{"line":28,"column":75}},"type":"if","locations":[{"start":{"line":28,"column":4},"end":{"line":28,"column":75}},{"start":{},"end":{}}]},"3":{"loc":{"start":{"line":36,"column":4},"end":{"line":38,"column":5}},"type":"if","locations":[{"start":{"line":36,"column":4},"end":{"line":38,"column":5}},{"start":{},"end":{}}]},"4":{"loc":{"start":{"line":48,"column":4},"end":{"line":50,"column":5}},"type":"if","locations":[{"start":{"line":48,"column":4},"end":{"line":50,"column":5}},{"start":{},"end":{}}]},"5":{"loc":{"start":{"line":64,"column":4},"end":{"line":66,"column":5}},"type":"if","locations":[{"start":{"line":64,"column":4},"end":{"line":66,"column":5}},{"start":{},"end":{}}]}},"s":{"0":0,"1":0,"2":0,"3":0,"4":0,"5":0,"6":0,"7":0,"8":0,"9":0,"10":0,"11":0,"12":0,"13":0,"14":0,"15":0,"16":0,"17":0,"18":0,"19":0,"20":0,"21":0,"22":0,"23":0,"24":0,"25":0,"26":0,"27":0,"28":0,"29":0,"30":0},"f":{"0":0,"1":0,"2":0,"3":0,"4":0,"5":0,"6":0},"b":{"0":[0,0],"1":[0,0],"2":[0,0],"3":[0,0],"4":[0,0],"5":[0,0]}}
}
